2025-04-23 13:00:48.068 [qtp641009714-75] ERROR com.opensymphony.xwork2.util.AbstractLocalizedTextProvider - Could not reload resource bundles
java.lang.reflect.InaccessibleObjectException: Unable to make field private static final java.util.concurrent.ConcurrentMap java.util.ResourceBundle.cacheList accessible: module java.base does not "opens java.util" to unnamed module @7cf1bf54
	at java.lang.reflect.AccessibleObject.throwInaccessibleObjectException(AccessibleObject.java:391) ~[?:?]
	at java.lang.reflect.AccessibleObject.checkCanSetAccessible(AccessibleObject.java:367) ~[?:?]
	at java.lang.reflect.AccessibleObject.checkCanSetAccessible(AccessibleObject.java:315) ~[?:?]
	at java.lang.reflect.Field.checkCanSetAccessible(Field.java:183) ~[?:?]
	at java.lang.reflect.Field.setAccessible(Field.java:177) ~[?:?]
	at com.opensymphony.xwork2.util.AbstractLocalizedTextProvider.clearMap(AbstractLocalizedTextProvider.java:333) ~[struts2-core-2.5.33.jar:2.5.33]
	at com.opensymphony.xwork2.util.AbstractLocalizedTextProvider.reloadBundles(AbstractLocalizedTextProvider.java:283) ~[struts2-core-2.5.33.jar:2.5.33]
	at com.opensymphony.xwork2.util.AbstractLocalizedTextProvider.reloadBundles(AbstractLocalizedTextProvider.java:268) ~[struts2-core-2.5.33.jar:2.5.33]
	at com.opensymphony.xwork2.util.AbstractLocalizedTextProvider.findDefaultText(AbstractLocalizedTextProvider.java:130) ~[struts2-core-2.5.33.jar:2.5.33]
	at com.opensymphony.xwork2.util.StrutsLocalizedTextProvider.findDefaultText(StrutsLocalizedTextProvider.java:39) ~[struts2-core-2.5.33.jar:2.5.33]
	at com.opensymphony.xwork2.util.AbstractLocalizedTextProvider.getDefaultMessage(AbstractLocalizedTextProvider.java:475) ~[struts2-core-2.5.33.jar:2.5.33]
	at com.opensymphony.xwork2.util.StrutsLocalizedTextProvider.findText(StrutsLocalizedTextProvider.java:347) ~[struts2-core-2.5.33.jar:2.5.33]
	at com.opensymphony.xwork2.util.StrutsLocalizedTextProvider.findText(StrutsLocalizedTextProvider.java:166) ~[struts2-core-2.5.33.jar:2.5.33]
	at com.opensymphony.xwork2.TextProviderSupport.getText(TextProviderSupport.java:233) ~[struts2-core-2.5.33.jar:2.5.33]
	at com.opensymphony.xwork2.ActionSupport.getText(ActionSupport.java:115) ~[struts2-core-2.5.33.jar:2.5.33]
	at com.opensymphony.xwork2.interceptor.ParametersInterceptor.notifyDeveloperParameterException(ParametersInterceptor.java:232) ~[struts2-core-2.5.33.jar:2.5.33]
	at com.opensymphony.xwork2.interceptor.ParametersInterceptor.setParameters(ParametersInterceptor.java:217) ~[struts2-core-2.5.33.jar:2.5.33]
	at com.opensymphony.xwork2.interceptor.ParametersInterceptor.doIntercept(ParametersInterceptor.java:132) ~[struts2-core-2.5.33.jar:2.5.33]
	at com.opensymphony.xwork2.interceptor.MethodFilterInterceptor.intercept(MethodFilterInterceptor.java:99) ~[struts2-core-2.5.33.jar:2.5.33]
	at com.opensymphony.xwork2.DefaultActionInvocation.invoke(DefaultActionInvocation.java:249) ~[struts2-core-2.5.33.jar:2.5.33]
	at com.opensymphony.xwork2.interceptor.ParametersInterceptor.doIntercept(ParametersInterceptor.java:140) ~[struts2-core-2.5.33.jar:2.5.33]
	at com.opensymphony.xwork2.interceptor.MethodFilterInterceptor.intercept(MethodFilterInterceptor.java:99) ~[struts2-core-2.5.33.jar:2.5.33]
	at com.opensymphony.xwork2.DefaultActionInvocation.invoke(DefaultActionInvocation.java:249) ~[struts2-core-2.5.33.jar:2.5.33]
	at com.opensymphony.xwork2.interceptor.StaticParametersInterceptor.intercept(StaticParametersInterceptor.java:201) ~[struts2-core-2.5.33.jar:2.5.33]
	at com.opensymphony.xwork2.DefaultActionInvocation.invoke(DefaultActionInvocation.java:249) ~[struts2-core-2.5.33.jar:2.5.33]
	at org.apache.struts2.interceptor.MultiselectInterceptor.intercept(MultiselectInterceptor.java:67) ~[struts2-core-2.5.33.jar:2.5.33]
	at com.opensymphony.xwork2.DefaultActionInvocation.invoke(DefaultActionInvocation.java:249) ~[struts2-core-2.5.33.jar:2.5.33]
	at org.apache.struts2.interceptor.DateTextFieldInterceptor.intercept(DateTextFieldInterceptor.java:133) ~[struts2-core-2.5.33.jar:2.5.33]
	at com.opensymphony.xwork2.DefaultActionInvocation.invoke(DefaultActionInvocation.java:249) ~[struts2-core-2.5.33.jar:2.5.33]
	at org.apache.struts2.interceptor.CheckboxInterceptor.intercept(CheckboxInterceptor.java:89) ~[struts2-core-2.5.33.jar:2.5.33]
	at com.opensymphony.xwork2.DefaultActionInvocation.invoke(DefaultActionInvocation.java:249) ~[struts2-core-2.5.33.jar:2.5.33]
	at org.apache.struts2.interceptor.FileUploadInterceptor.intercept(FileUploadInterceptor.java:243) ~[struts2-core-2.5.33.jar:2.5.33]
	at com.opensymphony.xwork2.DefaultActionInvocation.invoke(DefaultActionInvocation.java:249) ~[struts2-core-2.5.33.jar:2.5.33]
	at com.opensymphony.xwork2.interceptor.ModelDrivenInterceptor.intercept(ModelDrivenInterceptor.java:101) ~[struts2-core-2.5.33.jar:2.5.33]
	at com.opensymphony.xwork2.DefaultActionInvocation.invoke(DefaultActionInvocation.java:249) ~[struts2-core-2.5.33.jar:2.5.33]
	at com.opensymphony.xwork2.interceptor.ScopedModelDrivenInterceptor.intercept(ScopedModelDrivenInterceptor.java:142) ~[struts2-core-2.5.33.jar:2.5.33]
	at com.opensymphony.xwork2.DefaultActionInvocation.invoke(DefaultActionInvocation.java:249) ~[struts2-core-2.5.33.jar:2.5.33]
	at com.opensymphony.xwork2.interceptor.ChainingInterceptor.intercept(ChainingInterceptor.java:160) ~[struts2-core-2.5.33.jar:2.5.33]
	at com.opensymphony.xwork2.DefaultActionInvocation.invoke(DefaultActionInvocation.java:249) ~[struts2-core-2.5.33.jar:2.5.33]
	at com.opensymphony.xwork2.interceptor.PrepareInterceptor.doIntercept(PrepareInterceptor.java:175) ~[struts2-core-2.5.33.jar:2.5.33]
	at com.opensymphony.xwork2.interceptor.MethodFilterInterceptor.intercept(MethodFilterInterceptor.java:99) ~[struts2-core-2.5.33.jar:2.5.33]
	at com.opensymphony.xwork2.DefaultActionInvocation.invoke(DefaultActionInvocation.java:249) ~[struts2-core-2.5.33.jar:2.5.33]
	at org.apache.struts2.interceptor.I18nInterceptor.intercept(I18nInterceptor.java:121) ~[struts2-core-2.5.33.jar:2.5.33]
	at com.opensymphony.xwork2.DefaultActionInvocation.invoke(DefaultActionInvocation.java:249) ~[struts2-core-2.5.33.jar:2.5.33]
	at org.apache.struts2.interceptor.ServletConfigInterceptor.intercept(ServletConfigInterceptor.java:167) ~[struts2-core-2.5.33.jar:2.5.33]
	at com.opensymphony.xwork2.DefaultActionInvocation.invoke(DefaultActionInvocation.java:249) ~[struts2-core-2.5.33.jar:2.5.33]
	at com.opensymphony.xwork2.interceptor.AliasInterceptor.intercept(AliasInterceptor.java:228) ~[struts2-core-2.5.33.jar:2.5.33]
	at com.opensymphony.xwork2.DefaultActionInvocation.invoke(DefaultActionInvocation.java:249) ~[struts2-core-2.5.33.jar:2.5.33]
	at com.opensymphony.xwork2.interceptor.ExceptionMappingInterceptor.intercept(ExceptionMappingInterceptor.java:196) ~[struts2-core-2.5.33.jar:2.5.33]
	at com.opensymphony.xwork2.DefaultActionInvocation.invoke(DefaultActionInvocation.java:249) ~[struts2-core-2.5.33.jar:2.5.33]
	at org.example.interceptor.AuthenticationInterceptor.intercept(AuthenticationInterceptor.java:49) ~[classes/:?]
	at com.opensymphony.xwork2.DefaultActionInvocation.invoke(DefaultActionInvocation.java:249) ~[struts2-core-2.5.33.jar:2.5.33]
	at org.apache.struts2.factory.StrutsActionProxy.execute(StrutsActionProxy.java:48) ~[struts2-core-2.5.33.jar:2.5.33]
	at org.apache.struts2.dispatcher.Dispatcher.serviceAction(Dispatcher.java:574) ~[struts2-core-2.5.33.jar:2.5.33]
	at org.apache.struts2.dispatcher.ExecuteOperations.executeAction(ExecuteOperations.java:79) ~[struts2-core-2.5.33.jar:2.5.33]
	at org.apache.struts2.dispatcher.filter.StrutsPrepareAndExecuteFilter.doFilter(StrutsPrepareAndExecuteFilter.java:141) ~[struts2-core-2.5.33.jar:2.5.33]
	at org.eclipse.jetty.servlet.FilterHolder.doFilter(FilterHolder.java:201) ~[?:?]
	at org.eclipse.jetty.servlet.ServletHandler$Chain.doFilter(ServletHandler.java:1626) ~[?:?]
	at org.eclipse.jetty.servlet.ServletHandler.doHandle(ServletHandler.java:552) ~[?:?]
	at org.eclipse.jetty.server.handler.ScopedHandler.handle(ScopedHandler.java:143) ~[?:?]
	at org.eclipse.jetty.security.SecurityHandler.handle(SecurityHandler.java:600) ~[?:?]
	at org.eclipse.jetty.server.handler.HandlerWrapper.handle(HandlerWrapper.java:127) ~[?:?]
	at org.eclipse.jetty.server.handler.ScopedHandler.nextHandle(ScopedHandler.java:235) ~[?:?]
	at org.eclipse.jetty.server.session.SessionHandler.doHandle(SessionHandler.java:1624) ~[?:?]
	at org.eclipse.jetty.server.handler.ScopedHandler.nextHandle(ScopedHandler.java:233) ~[?:?]
	at org.eclipse.jetty.server.handler.ContextHandler.doHandle(ContextHandler.java:1440) ~[?:?]
	at org.eclipse.jetty.server.handler.ScopedHandler.nextScope(ScopedHandler.java:188) ~[?:?]
	at org.eclipse.jetty.servlet.ServletHandler.doScope(ServletHandler.java:505) ~[?:?]
	at org.eclipse.jetty.server.session.SessionHandler.doScope(SessionHandler.java:1594) ~[?:?]
	at org.eclipse.jetty.server.handler.ScopedHandler.nextScope(ScopedHandler.java:186) ~[?:?]
	at org.eclipse.jetty.server.handler.ContextHandler.doScope(ContextHandler.java:1355) ~[?:?]
	at org.eclipse.jetty.server.handler.ScopedHandler.handle(ScopedHandler.java:141) ~[?:?]
	at org.eclipse.jetty.server.handler.ContextHandlerCollection.handle(ContextHandlerCollection.java:191) ~[?:?]
	at org.eclipse.jetty.server.handler.HandlerCollection.handle(HandlerCollection.java:146) ~[?:?]
	at org.eclipse.jetty.server.handler.HandlerWrapper.handle(HandlerWrapper.java:127) ~[?:?]
	at org.eclipse.jetty.server.Server.handle(Server.java:516) ~[?:?]
	at org.eclipse.jetty.server.HttpChannel.lambda$handle$1(HttpChannel.java:487) ~[?:?]
	at org.eclipse.jetty.server.HttpChannel.dispatch(HttpChannel.java:732) ~[?:?]
	at org.eclipse.jetty.server.HttpChannel.handle(HttpChannel.java:479) ~[?:?]
	at org.eclipse.jetty.server.HttpConnection.onFillable(HttpConnection.java:277) ~[?:?]
	at org.eclipse.jetty.io.AbstractConnection$ReadCallback.succeeded(AbstractConnection.java:311) ~[?:?]
	at org.eclipse.jetty.io.FillInterest.fillable(FillInterest.java:105) ~[?:?]
	at org.eclipse.jetty.io.ChannelEndPoint$1.run(ChannelEndPoint.java:104) ~[?:?]
	at org.eclipse.jetty.util.thread.strategy.EatWhatYouKill.runTask(EatWhatYouKill.java:338) ~[?:?]
	at org.eclipse.jetty.util.thread.strategy.EatWhatYouKill.doProduce(EatWhatYouKill.java:315) ~[?:?]
	at org.eclipse.jetty.util.thread.strategy.EatWhatYouKill.tryProduce(EatWhatYouKill.java:173) ~[?:?]
	at org.eclipse.jetty.util.thread.strategy.EatWhatYouKill.run(EatWhatYouKill.java:131) ~[?:?]
	at org.eclipse.jetty.util.thread.ReservedThreadExecutor$ReservedThread.run(ReservedThreadExecutor.java:409) ~[?:?]
	at org.eclipse.jetty.util.thread.QueuedThreadPool.runJob(QueuedThreadPool.java:883) ~[?:?]
	at org.eclipse.jetty.util.thread.QueuedThreadPool$Runner.run(QueuedThreadPool.java:1034) ~[?:?]
	at java.lang.Thread.run(Thread.java:1583) [?:?]
2025-04-23 13:00:48.310 [qtp641009714-75] ERROR com.opensymphony.xwork2.interceptor.ParametersInterceptor - Developer Notification (set struts.devMode to false to disable this message):
Unexpected Exception caught setting 'productId' on 'class org.example.action.ProductDetailAction: Error setting expression 'productId' with value ['S000000003', ]
2025-04-23 13:00:48.478 [qtp641009714-63] ERROR com.opensymphony.xwork2.util.AbstractLocalizedTextProvider - Could not reload resource bundles
java.lang.reflect.InaccessibleObjectException: Unable to make field private static final java.util.concurrent.ConcurrentMap java.util.ResourceBundle.cacheList accessible: module java.base does not "opens java.util" to unnamed module @7cf1bf54
	at java.lang.reflect.AccessibleObject.throwInaccessibleObjectException(AccessibleObject.java:391) ~[?:?]
	at java.lang.reflect.AccessibleObject.checkCanSetAccessible(AccessibleObject.java:367) ~[?:?]
	at java.lang.reflect.AccessibleObject.checkCanSetAccessible(AccessibleObject.java:315) ~[?:?]
	at java.lang.reflect.Field.checkCanSetAccessible(Field.java:183) ~[?:?]
	at java.lang.reflect.Field.setAccessible(Field.java:177) ~[?:?]
	at com.opensymphony.xwork2.util.AbstractLocalizedTextProvider.clearMap(AbstractLocalizedTextProvider.java:333) ~[struts2-core-2.5.33.jar:2.5.33]
	at com.opensymphony.xwork2.util.AbstractLocalizedTextProvider.reloadBundles(AbstractLocalizedTextProvider.java:283) ~[struts2-core-2.5.33.jar:2.5.33]
	at com.opensymphony.xwork2.util.AbstractLocalizedTextProvider.reloadBundles(AbstractLocalizedTextProvider.java:268) ~[struts2-core-2.5.33.jar:2.5.33]
	at com.opensymphony.xwork2.util.AbstractLocalizedTextProvider.findDefaultText(AbstractLocalizedTextProvider.java:130) ~[struts2-core-2.5.33.jar:2.5.33]
	at com.opensymphony.xwork2.util.StrutsLocalizedTextProvider.findDefaultText(StrutsLocalizedTextProvider.java:39) ~[struts2-core-2.5.33.jar:2.5.33]
	at com.opensymphony.xwork2.util.AbstractLocalizedTextProvider.getDefaultMessage(AbstractLocalizedTextProvider.java:475) ~[struts2-core-2.5.33.jar:2.5.33]
	at com.opensymphony.xwork2.util.StrutsLocalizedTextProvider.findText(StrutsLocalizedTextProvider.java:347) ~[struts2-core-2.5.33.jar:2.5.33]
	at com.opensymphony.xwork2.util.StrutsLocalizedTextProvider.findText(StrutsLocalizedTextProvider.java:166) ~[struts2-core-2.5.33.jar:2.5.33]
	at com.opensymphony.xwork2.TextProviderSupport.getText(TextProviderSupport.java:233) ~[struts2-core-2.5.33.jar:2.5.33]
	at com.opensymphony.xwork2.ActionSupport.getText(ActionSupport.java:115) ~[struts2-core-2.5.33.jar:2.5.33]
	at com.opensymphony.xwork2.interceptor.ParametersInterceptor.notifyDeveloperParameterException(ParametersInterceptor.java:232) ~[struts2-core-2.5.33.jar:2.5.33]
	at com.opensymphony.xwork2.interceptor.ParametersInterceptor.setParameters(ParametersInterceptor.java:217) ~[struts2-core-2.5.33.jar:2.5.33]
	at com.opensymphony.xwork2.interceptor.ParametersInterceptor.doIntercept(ParametersInterceptor.java:132) ~[struts2-core-2.5.33.jar:2.5.33]
	at com.opensymphony.xwork2.interceptor.MethodFilterInterceptor.intercept(MethodFilterInterceptor.java:99) ~[struts2-core-2.5.33.jar:2.5.33]
	at com.opensymphony.xwork2.DefaultActionInvocation.invoke(DefaultActionInvocation.java:249) ~[struts2-core-2.5.33.jar:2.5.33]
	at com.opensymphony.xwork2.interceptor.ParametersInterceptor.doIntercept(ParametersInterceptor.java:140) ~[struts2-core-2.5.33.jar:2.5.33]
	at com.opensymphony.xwork2.interceptor.MethodFilterInterceptor.intercept(MethodFilterInterceptor.java:99) ~[struts2-core-2.5.33.jar:2.5.33]
	at com.opensymphony.xwork2.DefaultActionInvocation.invoke(DefaultActionInvocation.java:249) ~[struts2-core-2.5.33.jar:2.5.33]
	at com.opensymphony.xwork2.interceptor.StaticParametersInterceptor.intercept(StaticParametersInterceptor.java:201) ~[struts2-core-2.5.33.jar:2.5.33]
	at com.opensymphony.xwork2.DefaultActionInvocation.invoke(DefaultActionInvocation.java:249) ~[struts2-core-2.5.33.jar:2.5.33]
	at org.apache.struts2.interceptor.MultiselectInterceptor.intercept(MultiselectInterceptor.java:67) ~[struts2-core-2.5.33.jar:2.5.33]
	at com.opensymphony.xwork2.DefaultActionInvocation.invoke(DefaultActionInvocation.java:249) ~[struts2-core-2.5.33.jar:2.5.33]
	at org.apache.struts2.interceptor.DateTextFieldInterceptor.intercept(DateTextFieldInterceptor.java:133) ~[struts2-core-2.5.33.jar:2.5.33]
	at com.opensymphony.xwork2.DefaultActionInvocation.invoke(DefaultActionInvocation.java:249) ~[struts2-core-2.5.33.jar:2.5.33]
	at org.apache.struts2.interceptor.CheckboxInterceptor.intercept(CheckboxInterceptor.java:89) ~[struts2-core-2.5.33.jar:2.5.33]
	at com.opensymphony.xwork2.DefaultActionInvocation.invoke(DefaultActionInvocation.java:249) ~[struts2-core-2.5.33.jar:2.5.33]
	at org.apache.struts2.interceptor.FileUploadInterceptor.intercept(FileUploadInterceptor.java:243) ~[struts2-core-2.5.33.jar:2.5.33]
	at com.opensymphony.xwork2.DefaultActionInvocation.invoke(DefaultActionInvocation.java:249) ~[struts2-core-2.5.33.jar:2.5.33]
	at com.opensymphony.xwork2.interceptor.ModelDrivenInterceptor.intercept(ModelDrivenInterceptor.java:101) ~[struts2-core-2.5.33.jar:2.5.33]
	at com.opensymphony.xwork2.DefaultActionInvocation.invoke(DefaultActionInvocation.java:249) ~[struts2-core-2.5.33.jar:2.5.33]
	at com.opensymphony.xwork2.interceptor.ScopedModelDrivenInterceptor.intercept(ScopedModelDrivenInterceptor.java:142) ~[struts2-core-2.5.33.jar:2.5.33]
	at com.opensymphony.xwork2.DefaultActionInvocation.invoke(DefaultActionInvocation.java:249) ~[struts2-core-2.5.33.jar:2.5.33]
	at com.opensymphony.xwork2.interceptor.ChainingInterceptor.intercept(ChainingInterceptor.java:160) ~[struts2-core-2.5.33.jar:2.5.33]
	at com.opensymphony.xwork2.DefaultActionInvocation.invoke(DefaultActionInvocation.java:249) ~[struts2-core-2.5.33.jar:2.5.33]
	at com.opensymphony.xwork2.interceptor.PrepareInterceptor.doIntercept(PrepareInterceptor.java:175) ~[struts2-core-2.5.33.jar:2.5.33]
	at com.opensymphony.xwork2.interceptor.MethodFilterInterceptor.intercept(MethodFilterInterceptor.java:99) ~[struts2-core-2.5.33.jar:2.5.33]
	at com.opensymphony.xwork2.DefaultActionInvocation.invoke(DefaultActionInvocation.java:249) ~[struts2-core-2.5.33.jar:2.5.33]
	at org.apache.struts2.interceptor.I18nInterceptor.intercept(I18nInterceptor.java:121) ~[struts2-core-2.5.33.jar:2.5.33]
	at com.opensymphony.xwork2.DefaultActionInvocation.invoke(DefaultActionInvocation.java:249) ~[struts2-core-2.5.33.jar:2.5.33]
	at org.apache.struts2.interceptor.ServletConfigInterceptor.intercept(ServletConfigInterceptor.java:167) ~[struts2-core-2.5.33.jar:2.5.33]
	at com.opensymphony.xwork2.DefaultActionInvocation.invoke(DefaultActionInvocation.java:249) ~[struts2-core-2.5.33.jar:2.5.33]
	at com.opensymphony.xwork2.interceptor.AliasInterceptor.intercept(AliasInterceptor.java:228) ~[struts2-core-2.5.33.jar:2.5.33]
	at com.opensymphony.xwork2.DefaultActionInvocation.invoke(DefaultActionInvocation.java:249) ~[struts2-core-2.5.33.jar:2.5.33]
	at com.opensymphony.xwork2.interceptor.ExceptionMappingInterceptor.intercept(ExceptionMappingInterceptor.java:196) ~[struts2-core-2.5.33.jar:2.5.33]
	at com.opensymphony.xwork2.DefaultActionInvocation.invoke(DefaultActionInvocation.java:249) ~[struts2-core-2.5.33.jar:2.5.33]
	at org.example.interceptor.AuthenticationInterceptor.intercept(AuthenticationInterceptor.java:49) ~[classes/:?]
	at com.opensymphony.xwork2.DefaultActionInvocation.invoke(DefaultActionInvocation.java:249) ~[struts2-core-2.5.33.jar:2.5.33]
	at org.apache.struts2.factory.StrutsActionProxy.execute(StrutsActionProxy.java:48) ~[struts2-core-2.5.33.jar:2.5.33]
	at org.apache.struts2.dispatcher.Dispatcher.serviceAction(Dispatcher.java:574) ~[struts2-core-2.5.33.jar:2.5.33]
	at org.apache.struts2.dispatcher.ExecuteOperations.executeAction(ExecuteOperations.java:79) ~[struts2-core-2.5.33.jar:2.5.33]
	at org.apache.struts2.dispatcher.filter.StrutsPrepareAndExecuteFilter.doFilter(StrutsPrepareAndExecuteFilter.java:141) ~[struts2-core-2.5.33.jar:2.5.33]
	at org.eclipse.jetty.servlet.FilterHolder.doFilter(FilterHolder.java:201) ~[?:?]
	at org.eclipse.jetty.servlet.ServletHandler$Chain.doFilter(ServletHandler.java:1626) ~[?:?]
	at org.eclipse.jetty.servlet.ServletHandler.doHandle(ServletHandler.java:552) ~[?:?]
	at org.eclipse.jetty.server.handler.ScopedHandler.handle(ScopedHandler.java:143) ~[?:?]
	at org.eclipse.jetty.security.SecurityHandler.handle(SecurityHandler.java:600) ~[?:?]
	at org.eclipse.jetty.server.handler.HandlerWrapper.handle(HandlerWrapper.java:127) ~[?:?]
	at org.eclipse.jetty.server.handler.ScopedHandler.nextHandle(ScopedHandler.java:235) ~[?:?]
	at org.eclipse.jetty.server.session.SessionHandler.doHandle(SessionHandler.java:1624) ~[?:?]
	at org.eclipse.jetty.server.handler.ScopedHandler.nextHandle(ScopedHandler.java:233) ~[?:?]
	at org.eclipse.jetty.server.handler.ContextHandler.doHandle(ContextHandler.java:1440) ~[?:?]
	at org.eclipse.jetty.server.handler.ScopedHandler.nextScope(ScopedHandler.java:188) ~[?:?]
	at org.eclipse.jetty.servlet.ServletHandler.doScope(ServletHandler.java:505) ~[?:?]
	at org.eclipse.jetty.server.session.SessionHandler.doScope(SessionHandler.java:1594) ~[?:?]
	at org.eclipse.jetty.server.handler.ScopedHandler.nextScope(ScopedHandler.java:186) ~[?:?]
	at org.eclipse.jetty.server.handler.ContextHandler.doScope(ContextHandler.java:1355) ~[?:?]
	at org.eclipse.jetty.server.handler.ScopedHandler.handle(ScopedHandler.java:141) ~[?:?]
	at org.eclipse.jetty.server.handler.ContextHandlerCollection.handle(ContextHandlerCollection.java:191) ~[?:?]
	at org.eclipse.jetty.server.handler.HandlerCollection.handle(HandlerCollection.java:146) ~[?:?]
	at org.eclipse.jetty.server.handler.HandlerWrapper.handle(HandlerWrapper.java:127) ~[?:?]
	at org.eclipse.jetty.server.Server.handle(Server.java:516) ~[?:?]
	at org.eclipse.jetty.server.HttpChannel.lambda$handle$1(HttpChannel.java:487) ~[?:?]
	at org.eclipse.jetty.server.HttpChannel.dispatch(HttpChannel.java:732) ~[?:?]
	at org.eclipse.jetty.server.HttpChannel.handle(HttpChannel.java:479) ~[?:?]
	at org.eclipse.jetty.server.HttpConnection.onFillable(HttpConnection.java:277) ~[?:?]
	at org.eclipse.jetty.io.AbstractConnection$ReadCallback.succeeded(AbstractConnection.java:311) ~[?:?]
	at org.eclipse.jetty.io.FillInterest.fillable(FillInterest.java:105) ~[?:?]
	at org.eclipse.jetty.io.ChannelEndPoint$1.run(ChannelEndPoint.java:104) ~[?:?]
	at org.eclipse.jetty.util.thread.strategy.EatWhatYouKill.runTask(EatWhatYouKill.java:338) ~[?:?]
	at org.eclipse.jetty.util.thread.strategy.EatWhatYouKill.doProduce(EatWhatYouKill.java:315) ~[?:?]
	at org.eclipse.jetty.util.thread.strategy.EatWhatYouKill.tryProduce(EatWhatYouKill.java:173) ~[?:?]
	at org.eclipse.jetty.util.thread.strategy.EatWhatYouKill.run(EatWhatYouKill.java:131) ~[?:?]
	at org.eclipse.jetty.util.thread.ReservedThreadExecutor$ReservedThread.run(ReservedThreadExecutor.java:409) ~[?:?]
	at org.eclipse.jetty.util.thread.QueuedThreadPool.runJob(QueuedThreadPool.java:883) ~[?:?]
	at org.eclipse.jetty.util.thread.QueuedThreadPool$Runner.run(QueuedThreadPool.java:1034) ~[?:?]
	at java.lang.Thread.run(Thread.java:1583) [?:?]
2025-04-23 13:00:48.737 [qtp641009714-63] ERROR com.opensymphony.xwork2.interceptor.ParametersInterceptor - Developer Notification (set struts.devMode to false to disable this message):
Unexpected Exception caught setting 'productId' on 'class org.example.action.ProductDetailAction: Error setting expression 'productId' with value ['S000000003', ]
2025-04-23 13:01:57.437 [qtp641009714-64] ERROR com.opensymphony.xwork2.util.AbstractLocalizedTextProvider - Could not reload resource bundles
java.lang.reflect.InaccessibleObjectException: Unable to make field private static final java.util.concurrent.ConcurrentMap java.util.ResourceBundle.cacheList accessible: module java.base does not "opens java.util" to unnamed module @7cf1bf54
	at java.lang.reflect.AccessibleObject.throwInaccessibleObjectException(AccessibleObject.java:391) ~[?:?]
	at java.lang.reflect.AccessibleObject.checkCanSetAccessible(AccessibleObject.java:367) ~[?:?]
	at java.lang.reflect.AccessibleObject.checkCanSetAccessible(AccessibleObject.java:315) ~[?:?]
	at java.lang.reflect.Field.checkCanSetAccessible(Field.java:183) ~[?:?]
	at java.lang.reflect.Field.setAccessible(Field.java:177) ~[?:?]
	at com.opensymphony.xwork2.util.AbstractLocalizedTextProvider.clearMap(AbstractLocalizedTextProvider.java:333) ~[struts2-core-2.5.33.jar:2.5.33]
	at com.opensymphony.xwork2.util.AbstractLocalizedTextProvider.reloadBundles(AbstractLocalizedTextProvider.java:283) ~[struts2-core-2.5.33.jar:2.5.33]
	at com.opensymphony.xwork2.util.AbstractLocalizedTextProvider.reloadBundles(AbstractLocalizedTextProvider.java:268) ~[struts2-core-2.5.33.jar:2.5.33]
	at com.opensymphony.xwork2.util.AbstractLocalizedTextProvider.findDefaultText(AbstractLocalizedTextProvider.java:130) ~[struts2-core-2.5.33.jar:2.5.33]
	at com.opensymphony.xwork2.util.StrutsLocalizedTextProvider.findDefaultText(StrutsLocalizedTextProvider.java:39) ~[struts2-core-2.5.33.jar:2.5.33]
	at com.opensymphony.xwork2.util.AbstractLocalizedTextProvider.getDefaultMessage(AbstractLocalizedTextProvider.java:475) ~[struts2-core-2.5.33.jar:2.5.33]
	at com.opensymphony.xwork2.util.StrutsLocalizedTextProvider.findText(StrutsLocalizedTextProvider.java:347) ~[struts2-core-2.5.33.jar:2.5.33]
	at com.opensymphony.xwork2.util.StrutsLocalizedTextProvider.findText(StrutsLocalizedTextProvider.java:166) ~[struts2-core-2.5.33.jar:2.5.33]
	at com.opensymphony.xwork2.TextProviderSupport.getText(TextProviderSupport.java:233) ~[struts2-core-2.5.33.jar:2.5.33]
	at com.opensymphony.xwork2.ActionSupport.getText(ActionSupport.java:115) ~[struts2-core-2.5.33.jar:2.5.33]
	at com.opensymphony.xwork2.interceptor.ParametersInterceptor.notifyDeveloperParameterException(ParametersInterceptor.java:232) ~[struts2-core-2.5.33.jar:2.5.33]
	at com.opensymphony.xwork2.interceptor.ParametersInterceptor.setParameters(ParametersInterceptor.java:217) ~[struts2-core-2.5.33.jar:2.5.33]
	at com.opensymphony.xwork2.interceptor.ParametersInterceptor.doIntercept(ParametersInterceptor.java:132) ~[struts2-core-2.5.33.jar:2.5.33]
	at com.opensymphony.xwork2.interceptor.MethodFilterInterceptor.intercept(MethodFilterInterceptor.java:99) ~[struts2-core-2.5.33.jar:2.5.33]
	at com.opensymphony.xwork2.DefaultActionInvocation.invoke(DefaultActionInvocation.java:249) ~[struts2-core-2.5.33.jar:2.5.33]
	at com.opensymphony.xwork2.interceptor.ParametersInterceptor.doIntercept(ParametersInterceptor.java:140) ~[struts2-core-2.5.33.jar:2.5.33]
	at com.opensymphony.xwork2.interceptor.MethodFilterInterceptor.intercept(MethodFilterInterceptor.java:99) ~[struts2-core-2.5.33.jar:2.5.33]
	at com.opensymphony.xwork2.DefaultActionInvocation.invoke(DefaultActionInvocation.java:249) ~[struts2-core-2.5.33.jar:2.5.33]
	at com.opensymphony.xwork2.interceptor.StaticParametersInterceptor.intercept(StaticParametersInterceptor.java:201) ~[struts2-core-2.5.33.jar:2.5.33]
	at com.opensymphony.xwork2.DefaultActionInvocation.invoke(DefaultActionInvocation.java:249) ~[struts2-core-2.5.33.jar:2.5.33]
	at org.apache.struts2.interceptor.MultiselectInterceptor.intercept(MultiselectInterceptor.java:67) ~[struts2-core-2.5.33.jar:2.5.33]
	at com.opensymphony.xwork2.DefaultActionInvocation.invoke(DefaultActionInvocation.java:249) ~[struts2-core-2.5.33.jar:2.5.33]
	at org.apache.struts2.interceptor.DateTextFieldInterceptor.intercept(DateTextFieldInterceptor.java:133) ~[struts2-core-2.5.33.jar:2.5.33]
	at com.opensymphony.xwork2.DefaultActionInvocation.invoke(DefaultActionInvocation.java:249) ~[struts2-core-2.5.33.jar:2.5.33]
	at org.apache.struts2.interceptor.CheckboxInterceptor.intercept(CheckboxInterceptor.java:89) ~[struts2-core-2.5.33.jar:2.5.33]
	at com.opensymphony.xwork2.DefaultActionInvocation.invoke(DefaultActionInvocation.java:249) ~[struts2-core-2.5.33.jar:2.5.33]
	at org.apache.struts2.interceptor.FileUploadInterceptor.intercept(FileUploadInterceptor.java:243) ~[struts2-core-2.5.33.jar:2.5.33]
	at com.opensymphony.xwork2.DefaultActionInvocation.invoke(DefaultActionInvocation.java:249) ~[struts2-core-2.5.33.jar:2.5.33]
	at com.opensymphony.xwork2.interceptor.ModelDrivenInterceptor.intercept(ModelDrivenInterceptor.java:101) ~[struts2-core-2.5.33.jar:2.5.33]
	at com.opensymphony.xwork2.DefaultActionInvocation.invoke(DefaultActionInvocation.java:249) ~[struts2-core-2.5.33.jar:2.5.33]
	at com.opensymphony.xwork2.interceptor.ScopedModelDrivenInterceptor.intercept(ScopedModelDrivenInterceptor.java:142) ~[struts2-core-2.5.33.jar:2.5.33]
	at com.opensymphony.xwork2.DefaultActionInvocation.invoke(DefaultActionInvocation.java:249) ~[struts2-core-2.5.33.jar:2.5.33]
	at com.opensymphony.xwork2.interceptor.ChainingInterceptor.intercept(ChainingInterceptor.java:160) ~[struts2-core-2.5.33.jar:2.5.33]
	at com.opensymphony.xwork2.DefaultActionInvocation.invoke(DefaultActionInvocation.java:249) ~[struts2-core-2.5.33.jar:2.5.33]
	at com.opensymphony.xwork2.interceptor.PrepareInterceptor.doIntercept(PrepareInterceptor.java:175) ~[struts2-core-2.5.33.jar:2.5.33]
	at com.opensymphony.xwork2.interceptor.MethodFilterInterceptor.intercept(MethodFilterInterceptor.java:99) ~[struts2-core-2.5.33.jar:2.5.33]
	at com.opensymphony.xwork2.DefaultActionInvocation.invoke(DefaultActionInvocation.java:249) ~[struts2-core-2.5.33.jar:2.5.33]
	at org.apache.struts2.interceptor.I18nInterceptor.intercept(I18nInterceptor.java:121) ~[struts2-core-2.5.33.jar:2.5.33]
	at com.opensymphony.xwork2.DefaultActionInvocation.invoke(DefaultActionInvocation.java:249) ~[struts2-core-2.5.33.jar:2.5.33]
	at org.apache.struts2.interceptor.ServletConfigInterceptor.intercept(ServletConfigInterceptor.java:167) ~[struts2-core-2.5.33.jar:2.5.33]
	at com.opensymphony.xwork2.DefaultActionInvocation.invoke(DefaultActionInvocation.java:249) ~[struts2-core-2.5.33.jar:2.5.33]
	at com.opensymphony.xwork2.interceptor.AliasInterceptor.intercept(AliasInterceptor.java:228) ~[struts2-core-2.5.33.jar:2.5.33]
	at com.opensymphony.xwork2.DefaultActionInvocation.invoke(DefaultActionInvocation.java:249) ~[struts2-core-2.5.33.jar:2.5.33]
	at com.opensymphony.xwork2.interceptor.ExceptionMappingInterceptor.intercept(ExceptionMappingInterceptor.java:196) ~[struts2-core-2.5.33.jar:2.5.33]
	at com.opensymphony.xwork2.DefaultActionInvocation.invoke(DefaultActionInvocation.java:249) ~[struts2-core-2.5.33.jar:2.5.33]
	at org.example.interceptor.AuthenticationInterceptor.intercept(AuthenticationInterceptor.java:49) ~[classes/:?]
	at com.opensymphony.xwork2.DefaultActionInvocation.invoke(DefaultActionInvocation.java:249) ~[struts2-core-2.5.33.jar:2.5.33]
	at org.apache.struts2.factory.StrutsActionProxy.execute(StrutsActionProxy.java:48) ~[struts2-core-2.5.33.jar:2.5.33]
	at org.apache.struts2.dispatcher.Dispatcher.serviceAction(Dispatcher.java:574) ~[struts2-core-2.5.33.jar:2.5.33]
	at org.apache.struts2.dispatcher.ExecuteOperations.executeAction(ExecuteOperations.java:79) ~[struts2-core-2.5.33.jar:2.5.33]
	at org.apache.struts2.dispatcher.filter.StrutsPrepareAndExecuteFilter.doFilter(StrutsPrepareAndExecuteFilter.java:141) ~[struts2-core-2.5.33.jar:2.5.33]
	at org.eclipse.jetty.servlet.FilterHolder.doFilter(FilterHolder.java:201) ~[?:?]
	at org.eclipse.jetty.servlet.ServletHandler$Chain.doFilter(ServletHandler.java:1626) ~[?:?]
	at org.eclipse.jetty.servlet.ServletHandler.doHandle(ServletHandler.java:552) ~[?:?]
	at org.eclipse.jetty.server.handler.ScopedHandler.handle(ScopedHandler.java:143) ~[?:?]
	at org.eclipse.jetty.security.SecurityHandler.handle(SecurityHandler.java:600) ~[?:?]
	at org.eclipse.jetty.server.handler.HandlerWrapper.handle(HandlerWrapper.java:127) ~[?:?]
	at org.eclipse.jetty.server.handler.ScopedHandler.nextHandle(ScopedHandler.java:235) ~[?:?]
	at org.eclipse.jetty.server.session.SessionHandler.doHandle(SessionHandler.java:1624) ~[?:?]
	at org.eclipse.jetty.server.handler.ScopedHandler.nextHandle(ScopedHandler.java:233) ~[?:?]
	at org.eclipse.jetty.server.handler.ContextHandler.doHandle(ContextHandler.java:1440) ~[?:?]
	at org.eclipse.jetty.server.handler.ScopedHandler.nextScope(ScopedHandler.java:188) ~[?:?]
	at org.eclipse.jetty.servlet.ServletHandler.doScope(ServletHandler.java:505) ~[?:?]
	at org.eclipse.jetty.server.session.SessionHandler.doScope(SessionHandler.java:1594) ~[?:?]
	at org.eclipse.jetty.server.handler.ScopedHandler.nextScope(ScopedHandler.java:186) ~[?:?]
	at org.eclipse.jetty.server.handler.ContextHandler.doScope(ContextHandler.java:1355) ~[?:?]
	at org.eclipse.jetty.server.handler.ScopedHandler.handle(ScopedHandler.java:141) ~[?:?]
	at org.eclipse.jetty.server.handler.ContextHandlerCollection.handle(ContextHandlerCollection.java:191) ~[?:?]
	at org.eclipse.jetty.server.handler.HandlerCollection.handle(HandlerCollection.java:146) ~[?:?]
	at org.eclipse.jetty.server.handler.HandlerWrapper.handle(HandlerWrapper.java:127) ~[?:?]
	at org.eclipse.jetty.server.Server.handle(Server.java:516) ~[?:?]
	at org.eclipse.jetty.server.HttpChannel.lambda$handle$1(HttpChannel.java:487) ~[?:?]
	at org.eclipse.jetty.server.HttpChannel.dispatch(HttpChannel.java:732) ~[?:?]
	at org.eclipse.jetty.server.HttpChannel.handle(HttpChannel.java:479) ~[?:?]
	at org.eclipse.jetty.server.HttpConnection.onFillable(HttpConnection.java:277) ~[?:?]
	at org.eclipse.jetty.io.AbstractConnection$ReadCallback.succeeded(AbstractConnection.java:311) ~[?:?]
	at org.eclipse.jetty.io.FillInterest.fillable(FillInterest.java:105) ~[?:?]
	at org.eclipse.jetty.io.ChannelEndPoint$1.run(ChannelEndPoint.java:104) ~[?:?]
	at org.eclipse.jetty.util.thread.strategy.EatWhatYouKill.runTask(EatWhatYouKill.java:338) ~[?:?]
	at org.eclipse.jetty.util.thread.strategy.EatWhatYouKill.doProduce(EatWhatYouKill.java:315) ~[?:?]
	at org.eclipse.jetty.util.thread.strategy.EatWhatYouKill.tryProduce(EatWhatYouKill.java:173) ~[?:?]
	at org.eclipse.jetty.util.thread.strategy.EatWhatYouKill.run(EatWhatYouKill.java:131) ~[?:?]
	at org.eclipse.jetty.util.thread.ReservedThreadExecutor$ReservedThread.run(ReservedThreadExecutor.java:409) ~[?:?]
	at org.eclipse.jetty.util.thread.QueuedThreadPool.runJob(QueuedThreadPool.java:883) ~[?:?]
	at org.eclipse.jetty.util.thread.QueuedThreadPool$Runner.run(QueuedThreadPool.java:1034) ~[?:?]
	at java.lang.Thread.run(Thread.java:1583) [?:?]
2025-04-23 13:01:57.607 [qtp641009714-64] ERROR com.opensymphony.xwork2.interceptor.ParametersInterceptor - Developer Notification (set struts.devMode to false to disable this message):
Unexpected Exception caught setting 'productId' on 'class org.example.action.ProductDetailAction: Error setting expression 'productId' with value ['S000000003', ]
2025-04-23 13:01:57.724 [qtp641009714-75] ERROR com.opensymphony.xwork2.util.AbstractLocalizedTextProvider - Could not reload resource bundles
java.lang.reflect.InaccessibleObjectException: Unable to make field private static final java.util.concurrent.ConcurrentMap java.util.ResourceBundle.cacheList accessible: module java.base does not "opens java.util" to unnamed module @7cf1bf54
	at java.lang.reflect.AccessibleObject.throwInaccessibleObjectException(AccessibleObject.java:391) ~[?:?]
	at java.lang.reflect.AccessibleObject.checkCanSetAccessible(AccessibleObject.java:367) ~[?:?]
	at java.lang.reflect.AccessibleObject.checkCanSetAccessible(AccessibleObject.java:315) ~[?:?]
	at java.lang.reflect.Field.checkCanSetAccessible(Field.java:183) ~[?:?]
	at java.lang.reflect.Field.setAccessible(Field.java:177) ~[?:?]
	at com.opensymphony.xwork2.util.AbstractLocalizedTextProvider.clearMap(AbstractLocalizedTextProvider.java:333) ~[struts2-core-2.5.33.jar:2.5.33]
	at com.opensymphony.xwork2.util.AbstractLocalizedTextProvider.reloadBundles(AbstractLocalizedTextProvider.java:283) ~[struts2-core-2.5.33.jar:2.5.33]
	at com.opensymphony.xwork2.util.AbstractLocalizedTextProvider.reloadBundles(AbstractLocalizedTextProvider.java:268) ~[struts2-core-2.5.33.jar:2.5.33]
	at com.opensymphony.xwork2.util.AbstractLocalizedTextProvider.findDefaultText(AbstractLocalizedTextProvider.java:130) ~[struts2-core-2.5.33.jar:2.5.33]
	at com.opensymphony.xwork2.util.StrutsLocalizedTextProvider.findDefaultText(StrutsLocalizedTextProvider.java:39) ~[struts2-core-2.5.33.jar:2.5.33]
	at com.opensymphony.xwork2.util.AbstractLocalizedTextProvider.getDefaultMessage(AbstractLocalizedTextProvider.java:475) ~[struts2-core-2.5.33.jar:2.5.33]
	at com.opensymphony.xwork2.util.StrutsLocalizedTextProvider.findText(StrutsLocalizedTextProvider.java:347) ~[struts2-core-2.5.33.jar:2.5.33]
	at com.opensymphony.xwork2.util.StrutsLocalizedTextProvider.findText(StrutsLocalizedTextProvider.java:166) ~[struts2-core-2.5.33.jar:2.5.33]
	at com.opensymphony.xwork2.TextProviderSupport.getText(TextProviderSupport.java:233) ~[struts2-core-2.5.33.jar:2.5.33]
	at com.opensymphony.xwork2.ActionSupport.getText(ActionSupport.java:115) ~[struts2-core-2.5.33.jar:2.5.33]
	at com.opensymphony.xwork2.interceptor.ParametersInterceptor.notifyDeveloperParameterException(ParametersInterceptor.java:232) ~[struts2-core-2.5.33.jar:2.5.33]
	at com.opensymphony.xwork2.interceptor.ParametersInterceptor.setParameters(ParametersInterceptor.java:217) ~[struts2-core-2.5.33.jar:2.5.33]
	at com.opensymphony.xwork2.interceptor.ParametersInterceptor.doIntercept(ParametersInterceptor.java:132) ~[struts2-core-2.5.33.jar:2.5.33]
	at com.opensymphony.xwork2.interceptor.MethodFilterInterceptor.intercept(MethodFilterInterceptor.java:99) ~[struts2-core-2.5.33.jar:2.5.33]
	at com.opensymphony.xwork2.DefaultActionInvocation.invoke(DefaultActionInvocation.java:249) ~[struts2-core-2.5.33.jar:2.5.33]
	at com.opensymphony.xwork2.interceptor.ParametersInterceptor.doIntercept(ParametersInterceptor.java:140) ~[struts2-core-2.5.33.jar:2.5.33]
	at com.opensymphony.xwork2.interceptor.MethodFilterInterceptor.intercept(MethodFilterInterceptor.java:99) ~[struts2-core-2.5.33.jar:2.5.33]
	at com.opensymphony.xwork2.DefaultActionInvocation.invoke(DefaultActionInvocation.java:249) ~[struts2-core-2.5.33.jar:2.5.33]
	at com.opensymphony.xwork2.interceptor.StaticParametersInterceptor.intercept(StaticParametersInterceptor.java:201) ~[struts2-core-2.5.33.jar:2.5.33]
	at com.opensymphony.xwork2.DefaultActionInvocation.invoke(DefaultActionInvocation.java:249) ~[struts2-core-2.5.33.jar:2.5.33]
	at org.apache.struts2.interceptor.MultiselectInterceptor.intercept(MultiselectInterceptor.java:67) ~[struts2-core-2.5.33.jar:2.5.33]
	at com.opensymphony.xwork2.DefaultActionInvocation.invoke(DefaultActionInvocation.java:249) ~[struts2-core-2.5.33.jar:2.5.33]
	at org.apache.struts2.interceptor.DateTextFieldInterceptor.intercept(DateTextFieldInterceptor.java:133) ~[struts2-core-2.5.33.jar:2.5.33]
	at com.opensymphony.xwork2.DefaultActionInvocation.invoke(DefaultActionInvocation.java:249) ~[struts2-core-2.5.33.jar:2.5.33]
	at org.apache.struts2.interceptor.CheckboxInterceptor.intercept(CheckboxInterceptor.java:89) ~[struts2-core-2.5.33.jar:2.5.33]
	at com.opensymphony.xwork2.DefaultActionInvocation.invoke(DefaultActionInvocation.java:249) ~[struts2-core-2.5.33.jar:2.5.33]
	at org.apache.struts2.interceptor.FileUploadInterceptor.intercept(FileUploadInterceptor.java:243) ~[struts2-core-2.5.33.jar:2.5.33]
	at com.opensymphony.xwork2.DefaultActionInvocation.invoke(DefaultActionInvocation.java:249) ~[struts2-core-2.5.33.jar:2.5.33]
	at com.opensymphony.xwork2.interceptor.ModelDrivenInterceptor.intercept(ModelDrivenInterceptor.java:101) ~[struts2-core-2.5.33.jar:2.5.33]
	at com.opensymphony.xwork2.DefaultActionInvocation.invoke(DefaultActionInvocation.java:249) ~[struts2-core-2.5.33.jar:2.5.33]
	at com.opensymphony.xwork2.interceptor.ScopedModelDrivenInterceptor.intercept(ScopedModelDrivenInterceptor.java:142) ~[struts2-core-2.5.33.jar:2.5.33]
	at com.opensymphony.xwork2.DefaultActionInvocation.invoke(DefaultActionInvocation.java:249) ~[struts2-core-2.5.33.jar:2.5.33]
	at com.opensymphony.xwork2.interceptor.ChainingInterceptor.intercept(ChainingInterceptor.java:160) ~[struts2-core-2.5.33.jar:2.5.33]
	at com.opensymphony.xwork2.DefaultActionInvocation.invoke(DefaultActionInvocation.java:249) ~[struts2-core-2.5.33.jar:2.5.33]
	at com.opensymphony.xwork2.interceptor.PrepareInterceptor.doIntercept(PrepareInterceptor.java:175) ~[struts2-core-2.5.33.jar:2.5.33]
	at com.opensymphony.xwork2.interceptor.MethodFilterInterceptor.intercept(MethodFilterInterceptor.java:99) ~[struts2-core-2.5.33.jar:2.5.33]
	at com.opensymphony.xwork2.DefaultActionInvocation.invoke(DefaultActionInvocation.java:249) ~[struts2-core-2.5.33.jar:2.5.33]
	at org.apache.struts2.interceptor.I18nInterceptor.intercept(I18nInterceptor.java:121) ~[struts2-core-2.5.33.jar:2.5.33]
	at com.opensymphony.xwork2.DefaultActionInvocation.invoke(DefaultActionInvocation.java:249) ~[struts2-core-2.5.33.jar:2.5.33]
	at org.apache.struts2.interceptor.ServletConfigInterceptor.intercept(ServletConfigInterceptor.java:167) ~[struts2-core-2.5.33.jar:2.5.33]
	at com.opensymphony.xwork2.DefaultActionInvocation.invoke(DefaultActionInvocation.java:249) ~[struts2-core-2.5.33.jar:2.5.33]
	at com.opensymphony.xwork2.interceptor.AliasInterceptor.intercept(AliasInterceptor.java:228) ~[struts2-core-2.5.33.jar:2.5.33]
	at com.opensymphony.xwork2.DefaultActionInvocation.invoke(DefaultActionInvocation.java:249) ~[struts2-core-2.5.33.jar:2.5.33]
	at com.opensymphony.xwork2.interceptor.ExceptionMappingInterceptor.intercept(ExceptionMappingInterceptor.java:196) ~[struts2-core-2.5.33.jar:2.5.33]
	at com.opensymphony.xwork2.DefaultActionInvocation.invoke(DefaultActionInvocation.java:249) ~[struts2-core-2.5.33.jar:2.5.33]
	at org.example.interceptor.AuthenticationInterceptor.intercept(AuthenticationInterceptor.java:49) ~[classes/:?]
	at com.opensymphony.xwork2.DefaultActionInvocation.invoke(DefaultActionInvocation.java:249) ~[struts2-core-2.5.33.jar:2.5.33]
	at org.apache.struts2.factory.StrutsActionProxy.execute(StrutsActionProxy.java:48) ~[struts2-core-2.5.33.jar:2.5.33]
	at org.apache.struts2.dispatcher.Dispatcher.serviceAction(Dispatcher.java:574) ~[struts2-core-2.5.33.jar:2.5.33]
	at org.apache.struts2.dispatcher.ExecuteOperations.executeAction(ExecuteOperations.java:79) ~[struts2-core-2.5.33.jar:2.5.33]
	at org.apache.struts2.dispatcher.filter.StrutsPrepareAndExecuteFilter.doFilter(StrutsPrepareAndExecuteFilter.java:141) ~[struts2-core-2.5.33.jar:2.5.33]
	at org.eclipse.jetty.servlet.FilterHolder.doFilter(FilterHolder.java:201) ~[?:?]
	at org.eclipse.jetty.servlet.ServletHandler$Chain.doFilter(ServletHandler.java:1626) ~[?:?]
	at org.eclipse.jetty.servlet.ServletHandler.doHandle(ServletHandler.java:552) ~[?:?]
	at org.eclipse.jetty.server.handler.ScopedHandler.handle(ScopedHandler.java:143) ~[?:?]
	at org.eclipse.jetty.security.SecurityHandler.handle(SecurityHandler.java:600) ~[?:?]
	at org.eclipse.jetty.server.handler.HandlerWrapper.handle(HandlerWrapper.java:127) ~[?:?]
	at org.eclipse.jetty.server.handler.ScopedHandler.nextHandle(ScopedHandler.java:235) ~[?:?]
	at org.eclipse.jetty.server.session.SessionHandler.doHandle(SessionHandler.java:1624) ~[?:?]
	at org.eclipse.jetty.server.handler.ScopedHandler.nextHandle(ScopedHandler.java:233) ~[?:?]
	at org.eclipse.jetty.server.handler.ContextHandler.doHandle(ContextHandler.java:1440) ~[?:?]
	at org.eclipse.jetty.server.handler.ScopedHandler.nextScope(ScopedHandler.java:188) ~[?:?]
	at org.eclipse.jetty.servlet.ServletHandler.doScope(ServletHandler.java:505) ~[?:?]
	at org.eclipse.jetty.server.session.SessionHandler.doScope(SessionHandler.java:1594) ~[?:?]
	at org.eclipse.jetty.server.handler.ScopedHandler.nextScope(ScopedHandler.java:186) ~[?:?]
	at org.eclipse.jetty.server.handler.ContextHandler.doScope(ContextHandler.java:1355) ~[?:?]
	at org.eclipse.jetty.server.handler.ScopedHandler.handle(ScopedHandler.java:141) ~[?:?]
	at org.eclipse.jetty.server.handler.ContextHandlerCollection.handle(ContextHandlerCollection.java:191) ~[?:?]
	at org.eclipse.jetty.server.handler.HandlerCollection.handle(HandlerCollection.java:146) ~[?:?]
	at org.eclipse.jetty.server.handler.HandlerWrapper.handle(HandlerWrapper.java:127) ~[?:?]
	at org.eclipse.jetty.server.Server.handle(Server.java:516) ~[?:?]
	at org.eclipse.jetty.server.HttpChannel.lambda$handle$1(HttpChannel.java:487) ~[?:?]
	at org.eclipse.jetty.server.HttpChannel.dispatch(HttpChannel.java:732) ~[?:?]
	at org.eclipse.jetty.server.HttpChannel.handle(HttpChannel.java:479) ~[?:?]
	at org.eclipse.jetty.server.HttpConnection.onFillable(HttpConnection.java:277) ~[?:?]
	at org.eclipse.jetty.io.AbstractConnection$ReadCallback.succeeded(AbstractConnection.java:311) ~[?:?]
	at org.eclipse.jetty.io.FillInterest.fillable(FillInterest.java:105) ~[?:?]
	at org.eclipse.jetty.io.ChannelEndPoint$1.run(ChannelEndPoint.java:104) ~[?:?]
	at org.eclipse.jetty.util.thread.strategy.EatWhatYouKill.runTask(EatWhatYouKill.java:338) ~[?:?]
	at org.eclipse.jetty.util.thread.strategy.EatWhatYouKill.doProduce(EatWhatYouKill.java:315) ~[?:?]
	at org.eclipse.jetty.util.thread.strategy.EatWhatYouKill.tryProduce(EatWhatYouKill.java:173) ~[?:?]
	at org.eclipse.jetty.util.thread.strategy.EatWhatYouKill.run(EatWhatYouKill.java:131) ~[?:?]
	at org.eclipse.jetty.util.thread.ReservedThreadExecutor$ReservedThread.run(ReservedThreadExecutor.java:409) ~[?:?]
	at org.eclipse.jetty.util.thread.QueuedThreadPool.runJob(QueuedThreadPool.java:883) ~[?:?]
	at org.eclipse.jetty.util.thread.QueuedThreadPool$Runner.run(QueuedThreadPool.java:1034) ~[?:?]
	at java.lang.Thread.run(Thread.java:1583) [?:?]
2025-04-23 13:01:57.969 [qtp641009714-75] ERROR com.opensymphony.xwork2.interceptor.ParametersInterceptor - Developer Notification (set struts.devMode to false to disable this message):
Unexpected Exception caught setting 'productId' on 'class org.example.action.ProductDetailAction: Error setting expression 'productId' with value ['S000000003', ]
