2025-04-24 00:52:00.244 [qtp50980980-63] ERROR org.apache.struts2.dispatcher.DefaultDispatcherErrorHandler - Exception occurred during processing request: STREAM
java.lang.IllegalStateException: STREAM
	at org.eclipse.jetty.server.Response.getWriter(Response.java:802) ~[?:?]
	at org.apache.struts2.json.JSONUtil.writeJSONToResponse(JSONUtil.java:386) ~[struts2-json-plugin-2.5.20.jar:2.5.20]
	at org.apache.struts2.json.JSONResult.writeToResponse(JSONResult.java:237) ~[struts2-json-plugin-2.5.20.jar:2.5.20]
	at org.apache.struts2.json.JSONResult.execute(JSONResult.java:200) ~[struts2-json-plugin-2.5.20.jar:2.5.20]
	at com.opensymphony.xwork2.DefaultActionInvocation.executeResult(DefaultActionInvocation.java:375) ~[struts2-core-2.5.33.jar:2.5.33]
	at com.opensymphony.xwork2.DefaultActionInvocation.invoke(DefaultActionInvocation.java:279) ~[struts2-core-2.5.33.jar:2.5.33]
	at org.apache.struts2.interceptor.debugging.DebuggingInterceptor.intercept(DebuggingInterceptor.java:250) ~[struts2-core-2.5.33.jar:2.5.33]
	at com.opensymphony.xwork2.DefaultActionInvocation.invoke(DefaultActionInvocation.java:249) ~[struts2-core-2.5.33.jar:2.5.33]
	at com.opensymphony.xwork2.interceptor.DefaultWorkflowInterceptor.doIntercept(DefaultWorkflowInterceptor.java:179) ~[struts2-core-2.5.33.jar:2.5.33]
	at com.opensymphony.xwork2.interceptor.MethodFilterInterceptor.intercept(MethodFilterInterceptor.java:99) ~[struts2-core-2.5.33.jar:2.5.33]
	at com.opensymphony.xwork2.DefaultActionInvocation.invoke(DefaultActionInvocation.java:249) ~[struts2-core-2.5.33.jar:2.5.33]
	at com.opensymphony.xwork2.validator.ValidationInterceptor.doIntercept(ValidationInterceptor.java:263) ~[struts2-core-2.5.33.jar:2.5.33]
	at org.apache.struts2.interceptor.validation.AnnotationValidationInterceptor.doIntercept(AnnotationValidationInterceptor.java:49) ~[struts2-core-2.5.33.jar:2.5.33]
	at com.opensymphony.xwork2.interceptor.MethodFilterInterceptor.intercept(MethodFilterInterceptor.java:99) ~[struts2-core-2.5.33.jar:2.5.33]
	at com.opensymphony.xwork2.DefaultActionInvocation.invoke(DefaultActionInvocation.java:249) ~[struts2-core-2.5.33.jar:2.5.33]
	at com.opensymphony.xwork2.interceptor.ConversionErrorInterceptor.doIntercept(ConversionErrorInterceptor.java:142) ~[struts2-core-2.5.33.jar:2.5.33]
	at com.opensymphony.xwork2.interceptor.MethodFilterInterceptor.intercept(MethodFilterInterceptor.java:99) ~[struts2-core-2.5.33.jar:2.5.33]
	at com.opensymphony.xwork2.DefaultActionInvocation.invoke(DefaultActionInvocation.java:249) ~[struts2-core-2.5.33.jar:2.5.33]
	at com.opensymphony.xwork2.interceptor.ParametersInterceptor.doIntercept(ParametersInterceptor.java:140) ~[struts2-core-2.5.33.jar:2.5.33]
	at com.opensymphony.xwork2.interceptor.MethodFilterInterceptor.intercept(MethodFilterInterceptor.java:99) ~[struts2-core-2.5.33.jar:2.5.33]
	at com.opensymphony.xwork2.DefaultActionInvocation.invoke(DefaultActionInvocation.java:249) ~[struts2-core-2.5.33.jar:2.5.33]
	at com.opensymphony.xwork2.interceptor.ParametersInterceptor.doIntercept(ParametersInterceptor.java:140) ~[struts2-core-2.5.33.jar:2.5.33]
	at com.opensymphony.xwork2.interceptor.MethodFilterInterceptor.intercept(MethodFilterInterceptor.java:99) ~[struts2-core-2.5.33.jar:2.5.33]
	at com.opensymphony.xwork2.DefaultActionInvocation.invoke(DefaultActionInvocation.java:249) ~[struts2-core-2.5.33.jar:2.5.33]
	at com.opensymphony.xwork2.interceptor.StaticParametersInterceptor.intercept(StaticParametersInterceptor.java:201) ~[struts2-core-2.5.33.jar:2.5.33]
	at com.opensymphony.xwork2.DefaultActionInvocation.invoke(DefaultActionInvocation.java:249) ~[struts2-core-2.5.33.jar:2.5.33]
	at org.apache.struts2.interceptor.MultiselectInterceptor.intercept(MultiselectInterceptor.java:67) ~[struts2-core-2.5.33.jar:2.5.33]
	at com.opensymphony.xwork2.DefaultActionInvocation.invoke(DefaultActionInvocation.java:249) ~[struts2-core-2.5.33.jar:2.5.33]
	at org.apache.struts2.interceptor.DateTextFieldInterceptor.intercept(DateTextFieldInterceptor.java:133) ~[struts2-core-2.5.33.jar:2.5.33]
	at com.opensymphony.xwork2.DefaultActionInvocation.invoke(DefaultActionInvocation.java:249) ~[struts2-core-2.5.33.jar:2.5.33]
	at org.apache.struts2.interceptor.CheckboxInterceptor.intercept(CheckboxInterceptor.java:89) ~[struts2-core-2.5.33.jar:2.5.33]
	at com.opensymphony.xwork2.DefaultActionInvocation.invoke(DefaultActionInvocation.java:249) ~[struts2-core-2.5.33.jar:2.5.33]
	at org.apache.struts2.interceptor.FileUploadInterceptor.intercept(FileUploadInterceptor.java:243) ~[struts2-core-2.5.33.jar:2.5.33]
	at com.opensymphony.xwork2.DefaultActionInvocation.invoke(DefaultActionInvocation.java:249) ~[struts2-core-2.5.33.jar:2.5.33]
	at com.opensymphony.xwork2.interceptor.ModelDrivenInterceptor.intercept(ModelDrivenInterceptor.java:101) ~[struts2-core-2.5.33.jar:2.5.33]
	at com.opensymphony.xwork2.DefaultActionInvocation.invoke(DefaultActionInvocation.java:249) ~[struts2-core-2.5.33.jar:2.5.33]
	at com.opensymphony.xwork2.interceptor.ScopedModelDrivenInterceptor.intercept(ScopedModelDrivenInterceptor.java:142) ~[struts2-core-2.5.33.jar:2.5.33]
	at com.opensymphony.xwork2.DefaultActionInvocation.invoke(DefaultActionInvocation.java:249) ~[struts2-core-2.5.33.jar:2.5.33]
	at com.opensymphony.xwork2.interceptor.ChainingInterceptor.intercept(ChainingInterceptor.java:160) ~[struts2-core-2.5.33.jar:2.5.33]
	at com.opensymphony.xwork2.DefaultActionInvocation.invoke(DefaultActionInvocation.java:249) ~[struts2-core-2.5.33.jar:2.5.33]
	at com.opensymphony.xwork2.interceptor.PrepareInterceptor.doIntercept(PrepareInterceptor.java:175) ~[struts2-core-2.5.33.jar:2.5.33]
	at com.opensymphony.xwork2.interceptor.MethodFilterInterceptor.intercept(MethodFilterInterceptor.java:99) ~[struts2-core-2.5.33.jar:2.5.33]
	at com.opensymphony.xwork2.DefaultActionInvocation.invoke(DefaultActionInvocation.java:249) ~[struts2-core-2.5.33.jar:2.5.33]
	at org.apache.struts2.interceptor.I18nInterceptor.intercept(I18nInterceptor.java:121) ~[struts2-core-2.5.33.jar:2.5.33]
	at com.opensymphony.xwork2.DefaultActionInvocation.invoke(DefaultActionInvocation.java:249) ~[struts2-core-2.5.33.jar:2.5.33]
	at org.apache.struts2.interceptor.ServletConfigInterceptor.intercept(ServletConfigInterceptor.java:167) ~[struts2-core-2.5.33.jar:2.5.33]
	at com.opensymphony.xwork2.DefaultActionInvocation.invoke(DefaultActionInvocation.java:249) ~[struts2-core-2.5.33.jar:2.5.33]
	at com.opensymphony.xwork2.interceptor.AliasInterceptor.intercept(AliasInterceptor.java:228) ~[struts2-core-2.5.33.jar:2.5.33]
	at com.opensymphony.xwork2.DefaultActionInvocation.invoke(DefaultActionInvocation.java:249) ~[struts2-core-2.5.33.jar:2.5.33]
	at com.opensymphony.xwork2.interceptor.ExceptionMappingInterceptor.intercept(ExceptionMappingInterceptor.java:196) ~[struts2-core-2.5.33.jar:2.5.33]
	at com.opensymphony.xwork2.DefaultActionInvocation.invoke(DefaultActionInvocation.java:249) ~[struts2-core-2.5.33.jar:2.5.33]
	at org.example.interceptor.AuthenticationInterceptor.intercept(AuthenticationInterceptor.java:49) ~[classes/:?]
	at com.opensymphony.xwork2.DefaultActionInvocation.invoke(DefaultActionInvocation.java:249) ~[struts2-core-2.5.33.jar:2.5.33]
	at org.apache.struts2.factory.StrutsActionProxy.execute(StrutsActionProxy.java:48) ~[struts2-core-2.5.33.jar:2.5.33]
	at org.apache.struts2.dispatcher.Dispatcher.serviceAction(Dispatcher.java:574) ~[struts2-core-2.5.33.jar:2.5.33]
	at org.apache.struts2.dispatcher.ExecuteOperations.executeAction(ExecuteOperations.java:79) ~[struts2-core-2.5.33.jar:2.5.33]
	at org.apache.struts2.dispatcher.filter.StrutsPrepareAndExecuteFilter.doFilter(StrutsPrepareAndExecuteFilter.java:141) ~[struts2-core-2.5.33.jar:2.5.33]
	at org.eclipse.jetty.servlet.FilterHolder.doFilter(FilterHolder.java:201) ~[?:?]
	at org.eclipse.jetty.servlet.ServletHandler$Chain.doFilter(ServletHandler.java:1626) ~[?:?]
	at org.eclipse.jetty.servlet.ServletHandler.doHandle(ServletHandler.java:552) ~[?:?]
	at org.eclipse.jetty.server.handler.ScopedHandler.handle(ScopedHandler.java:143) ~[?:?]
	at org.eclipse.jetty.security.SecurityHandler.handle(SecurityHandler.java:600) ~[?:?]
	at org.eclipse.jetty.server.handler.HandlerWrapper.handle(HandlerWrapper.java:127) ~[?:?]
	at org.eclipse.jetty.server.handler.ScopedHandler.nextHandle(ScopedHandler.java:235) ~[?:?]
	at org.eclipse.jetty.server.session.SessionHandler.doHandle(SessionHandler.java:1624) ~[?:?]
	at org.eclipse.jetty.server.handler.ScopedHandler.nextHandle(ScopedHandler.java:233) ~[?:?]
	at org.eclipse.jetty.server.handler.ContextHandler.doHandle(ContextHandler.java:1440) ~[?:?]
	at org.eclipse.jetty.server.handler.ScopedHandler.nextScope(ScopedHandler.java:188) ~[?:?]
	at org.eclipse.jetty.servlet.ServletHandler.doScope(ServletHandler.java:505) ~[?:?]
	at org.eclipse.jetty.server.session.SessionHandler.doScope(SessionHandler.java:1594) ~[?:?]
	at org.eclipse.jetty.server.handler.ScopedHandler.nextScope(ScopedHandler.java:186) ~[?:?]
	at org.eclipse.jetty.server.handler.ContextHandler.doScope(ContextHandler.java:1355) ~[?:?]
	at org.eclipse.jetty.server.handler.ScopedHandler.handle(ScopedHandler.java:141) ~[?:?]
	at org.eclipse.jetty.server.handler.ContextHandlerCollection.handle(ContextHandlerCollection.java:191) ~[?:?]
	at org.eclipse.jetty.server.handler.HandlerCollection.handle(HandlerCollection.java:146) ~[?:?]
	at org.eclipse.jetty.server.handler.HandlerWrapper.handle(HandlerWrapper.java:127) ~[?:?]
	at org.eclipse.jetty.server.Server.handle(Server.java:516) ~[?:?]
	at org.eclipse.jetty.server.HttpChannel.lambda$handle$1(HttpChannel.java:487) ~[?:?]
	at org.eclipse.jetty.server.HttpChannel.dispatch(HttpChannel.java:732) ~[?:?]
	at org.eclipse.jetty.server.HttpChannel.handle(HttpChannel.java:479) ~[?:?]
	at org.eclipse.jetty.server.HttpConnection.onFillable(HttpConnection.java:277) ~[?:?]
	at org.eclipse.jetty.io.AbstractConnection$ReadCallback.succeeded(AbstractConnection.java:311) ~[?:?]
	at org.eclipse.jetty.io.FillInterest.fillable(FillInterest.java:105) ~[?:?]
	at org.eclipse.jetty.io.ChannelEndPoint$1.run(ChannelEndPoint.java:104) ~[?:?]
	at org.eclipse.jetty.util.thread.strategy.EatWhatYouKill.runTask(EatWhatYouKill.java:338) ~[?:?]
	at org.eclipse.jetty.util.thread.strategy.EatWhatYouKill.doProduce(EatWhatYouKill.java:315) ~[?:?]
	at org.eclipse.jetty.util.thread.strategy.EatWhatYouKill.tryProduce(EatWhatYouKill.java:173) ~[?:?]
	at org.eclipse.jetty.util.thread.strategy.EatWhatYouKill.run(EatWhatYouKill.java:131) ~[?:?]
	at org.eclipse.jetty.util.thread.ReservedThreadExecutor$ReservedThread.run(ReservedThreadExecutor.java:409) ~[?:?]
	at org.eclipse.jetty.util.thread.QueuedThreadPool.runJob(QueuedThreadPool.java:883) ~[?:?]
	at org.eclipse.jetty.util.thread.QueuedThreadPool$Runner.run(QueuedThreadPool.java:1034) ~[?:?]
	at java.lang.Thread.run(Thread.java:1583) [?:?]
2025-04-24 00:52:00.515 [qtp50980980-63] WARN  org.apache.struts2.dispatcher.DefaultDispatcherErrorHandler - Unable to send error response, code: 500; isCommited: true;
java.lang.IllegalStateException: COMMITTED
	at org.eclipse.jetty.server.HttpChannelState.sendError(HttpChannelState.java:915) ~[?:?]
	at org.eclipse.jetty.server.Response.sendError(Response.java:473) ~[?:?]
	at org.apache.struts2.dispatcher.DefaultDispatcherErrorHandler.sendErrorResponse(DefaultDispatcherErrorHandler.java:97) ~[struts2-core-2.5.33.jar:2.5.33]
	at org.apache.struts2.dispatcher.DefaultDispatcherErrorHandler.handleError(DefaultDispatcherErrorHandler.java:78) ~[struts2-core-2.5.33.jar:2.5.33]
	at org.apache.struts2.dispatcher.Dispatcher.sendError(Dispatcher.java:923) ~[struts2-core-2.5.33.jar:2.5.33]
	at org.apache.struts2.dispatcher.Dispatcher.serviceAction(Dispatcher.java:589) ~[struts2-core-2.5.33.jar:2.5.33]
	at org.apache.struts2.dispatcher.ExecuteOperations.executeAction(ExecuteOperations.java:79) ~[struts2-core-2.5.33.jar:2.5.33]
	at org.apache.struts2.dispatcher.filter.StrutsPrepareAndExecuteFilter.doFilter(StrutsPrepareAndExecuteFilter.java:141) ~[struts2-core-2.5.33.jar:2.5.33]
	at org.eclipse.jetty.servlet.FilterHolder.doFilter(FilterHolder.java:201) ~[?:?]
	at org.eclipse.jetty.servlet.ServletHandler$Chain.doFilter(ServletHandler.java:1626) ~[?:?]
	at org.eclipse.jetty.servlet.ServletHandler.doHandle(ServletHandler.java:552) ~[?:?]
	at org.eclipse.jetty.server.handler.ScopedHandler.handle(ScopedHandler.java:143) ~[?:?]
	at org.eclipse.jetty.security.SecurityHandler.handle(SecurityHandler.java:600) ~[?:?]
	at org.eclipse.jetty.server.handler.HandlerWrapper.handle(HandlerWrapper.java:127) ~[?:?]
	at org.eclipse.jetty.server.handler.ScopedHandler.nextHandle(ScopedHandler.java:235) ~[?:?]
	at org.eclipse.jetty.server.session.SessionHandler.doHandle(SessionHandler.java:1624) ~[?:?]
	at org.eclipse.jetty.server.handler.ScopedHandler.nextHandle(ScopedHandler.java:233) ~[?:?]
	at org.eclipse.jetty.server.handler.ContextHandler.doHandle(ContextHandler.java:1440) ~[?:?]
	at org.eclipse.jetty.server.handler.ScopedHandler.nextScope(ScopedHandler.java:188) ~[?:?]
	at org.eclipse.jetty.servlet.ServletHandler.doScope(ServletHandler.java:505) ~[?:?]
	at org.eclipse.jetty.server.session.SessionHandler.doScope(SessionHandler.java:1594) ~[?:?]
	at org.eclipse.jetty.server.handler.ScopedHandler.nextScope(ScopedHandler.java:186) ~[?:?]
	at org.eclipse.jetty.server.handler.ContextHandler.doScope(ContextHandler.java:1355) ~[?:?]
	at org.eclipse.jetty.server.handler.ScopedHandler.handle(ScopedHandler.java:141) ~[?:?]
	at org.eclipse.jetty.server.handler.ContextHandlerCollection.handle(ContextHandlerCollection.java:191) ~[?:?]
	at org.eclipse.jetty.server.handler.HandlerCollection.handle(HandlerCollection.java:146) ~[?:?]
	at org.eclipse.jetty.server.handler.HandlerWrapper.handle(HandlerWrapper.java:127) ~[?:?]
	at org.eclipse.jetty.server.Server.handle(Server.java:516) ~[?:?]
	at org.eclipse.jetty.server.HttpChannel.lambda$handle$1(HttpChannel.java:487) ~[?:?]
	at org.eclipse.jetty.server.HttpChannel.dispatch(HttpChannel.java:732) ~[?:?]
	at org.eclipse.jetty.server.HttpChannel.handle(HttpChannel.java:479) ~[?:?]
	at org.eclipse.jetty.server.HttpConnection.onFillable(HttpConnection.java:277) ~[?:?]
	at org.eclipse.jetty.io.AbstractConnection$ReadCallback.succeeded(AbstractConnection.java:311) ~[?:?]
	at org.eclipse.jetty.io.FillInterest.fillable(FillInterest.java:105) ~[?:?]
	at org.eclipse.jetty.io.ChannelEndPoint$1.run(ChannelEndPoint.java:104) ~[?:?]
	at org.eclipse.jetty.util.thread.strategy.EatWhatYouKill.runTask(EatWhatYouKill.java:338) ~[?:?]
	at org.eclipse.jetty.util.thread.strategy.EatWhatYouKill.doProduce(EatWhatYouKill.java:315) ~[?:?]
	at org.eclipse.jetty.util.thread.strategy.EatWhatYouKill.tryProduce(EatWhatYouKill.java:173) ~[?:?]
	at org.eclipse.jetty.util.thread.strategy.EatWhatYouKill.run(EatWhatYouKill.java:131) ~[?:?]
	at org.eclipse.jetty.util.thread.ReservedThreadExecutor$ReservedThread.run(ReservedThreadExecutor.java:409) ~[?:?]
	at org.eclipse.jetty.util.thread.QueuedThreadPool.runJob(QueuedThreadPool.java:883) ~[?:?]
	at org.eclipse.jetty.util.thread.QueuedThreadPool$Runner.run(QueuedThreadPool.java:1034) ~[?:?]
	at java.lang.Thread.run(Thread.java:1583) [?:?]
2025-04-24 00:52:33.672 [qtp50980980-69] ERROR org.apache.struts2.dispatcher.DefaultDispatcherErrorHandler - Exception occurred during processing request: STREAM
java.lang.IllegalStateException: STREAM
	at org.eclipse.jetty.server.Response.getWriter(Response.java:802) ~[?:?]
	at org.apache.struts2.json.JSONUtil.writeJSONToResponse(JSONUtil.java:386) ~[struts2-json-plugin-2.5.20.jar:2.5.20]
	at org.apache.struts2.json.JSONResult.writeToResponse(JSONResult.java:237) ~[struts2-json-plugin-2.5.20.jar:2.5.20]
	at org.apache.struts2.json.JSONResult.execute(JSONResult.java:200) ~[struts2-json-plugin-2.5.20.jar:2.5.20]
	at com.opensymphony.xwork2.DefaultActionInvocation.executeResult(DefaultActionInvocation.java:375) ~[struts2-core-2.5.33.jar:2.5.33]
	at com.opensymphony.xwork2.DefaultActionInvocation.invoke(DefaultActionInvocation.java:279) ~[struts2-core-2.5.33.jar:2.5.33]
	at org.apache.struts2.interceptor.debugging.DebuggingInterceptor.intercept(DebuggingInterceptor.java:250) ~[struts2-core-2.5.33.jar:2.5.33]
	at com.opensymphony.xwork2.DefaultActionInvocation.invoke(DefaultActionInvocation.java:249) ~[struts2-core-2.5.33.jar:2.5.33]
	at com.opensymphony.xwork2.interceptor.DefaultWorkflowInterceptor.doIntercept(DefaultWorkflowInterceptor.java:179) ~[struts2-core-2.5.33.jar:2.5.33]
	at com.opensymphony.xwork2.interceptor.MethodFilterInterceptor.intercept(MethodFilterInterceptor.java:99) ~[struts2-core-2.5.33.jar:2.5.33]
	at com.opensymphony.xwork2.DefaultActionInvocation.invoke(DefaultActionInvocation.java:249) ~[struts2-core-2.5.33.jar:2.5.33]
	at com.opensymphony.xwork2.validator.ValidationInterceptor.doIntercept(ValidationInterceptor.java:263) ~[struts2-core-2.5.33.jar:2.5.33]
	at org.apache.struts2.interceptor.validation.AnnotationValidationInterceptor.doIntercept(AnnotationValidationInterceptor.java:49) ~[struts2-core-2.5.33.jar:2.5.33]
	at com.opensymphony.xwork2.interceptor.MethodFilterInterceptor.intercept(MethodFilterInterceptor.java:99) ~[struts2-core-2.5.33.jar:2.5.33]
	at com.opensymphony.xwork2.DefaultActionInvocation.invoke(DefaultActionInvocation.java:249) ~[struts2-core-2.5.33.jar:2.5.33]
	at com.opensymphony.xwork2.interceptor.ConversionErrorInterceptor.doIntercept(ConversionErrorInterceptor.java:142) ~[struts2-core-2.5.33.jar:2.5.33]
	at com.opensymphony.xwork2.interceptor.MethodFilterInterceptor.intercept(MethodFilterInterceptor.java:99) ~[struts2-core-2.5.33.jar:2.5.33]
	at com.opensymphony.xwork2.DefaultActionInvocation.invoke(DefaultActionInvocation.java:249) ~[struts2-core-2.5.33.jar:2.5.33]
	at com.opensymphony.xwork2.interceptor.ParametersInterceptor.doIntercept(ParametersInterceptor.java:140) ~[struts2-core-2.5.33.jar:2.5.33]
	at com.opensymphony.xwork2.interceptor.MethodFilterInterceptor.intercept(MethodFilterInterceptor.java:99) ~[struts2-core-2.5.33.jar:2.5.33]
	at com.opensymphony.xwork2.DefaultActionInvocation.invoke(DefaultActionInvocation.java:249) ~[struts2-core-2.5.33.jar:2.5.33]
	at com.opensymphony.xwork2.interceptor.ParametersInterceptor.doIntercept(ParametersInterceptor.java:140) ~[struts2-core-2.5.33.jar:2.5.33]
	at com.opensymphony.xwork2.interceptor.MethodFilterInterceptor.intercept(MethodFilterInterceptor.java:99) ~[struts2-core-2.5.33.jar:2.5.33]
	at com.opensymphony.xwork2.DefaultActionInvocation.invoke(DefaultActionInvocation.java:249) ~[struts2-core-2.5.33.jar:2.5.33]
	at com.opensymphony.xwork2.interceptor.StaticParametersInterceptor.intercept(StaticParametersInterceptor.java:201) ~[struts2-core-2.5.33.jar:2.5.33]
	at com.opensymphony.xwork2.DefaultActionInvocation.invoke(DefaultActionInvocation.java:249) ~[struts2-core-2.5.33.jar:2.5.33]
	at org.apache.struts2.interceptor.MultiselectInterceptor.intercept(MultiselectInterceptor.java:67) ~[struts2-core-2.5.33.jar:2.5.33]
	at com.opensymphony.xwork2.DefaultActionInvocation.invoke(DefaultActionInvocation.java:249) ~[struts2-core-2.5.33.jar:2.5.33]
	at org.apache.struts2.interceptor.DateTextFieldInterceptor.intercept(DateTextFieldInterceptor.java:133) ~[struts2-core-2.5.33.jar:2.5.33]
	at com.opensymphony.xwork2.DefaultActionInvocation.invoke(DefaultActionInvocation.java:249) ~[struts2-core-2.5.33.jar:2.5.33]
	at org.apache.struts2.interceptor.CheckboxInterceptor.intercept(CheckboxInterceptor.java:89) ~[struts2-core-2.5.33.jar:2.5.33]
	at com.opensymphony.xwork2.DefaultActionInvocation.invoke(DefaultActionInvocation.java:249) ~[struts2-core-2.5.33.jar:2.5.33]
	at org.apache.struts2.interceptor.FileUploadInterceptor.intercept(FileUploadInterceptor.java:243) ~[struts2-core-2.5.33.jar:2.5.33]
	at com.opensymphony.xwork2.DefaultActionInvocation.invoke(DefaultActionInvocation.java:249) ~[struts2-core-2.5.33.jar:2.5.33]
	at com.opensymphony.xwork2.interceptor.ModelDrivenInterceptor.intercept(ModelDrivenInterceptor.java:101) ~[struts2-core-2.5.33.jar:2.5.33]
	at com.opensymphony.xwork2.DefaultActionInvocation.invoke(DefaultActionInvocation.java:249) ~[struts2-core-2.5.33.jar:2.5.33]
	at com.opensymphony.xwork2.interceptor.ScopedModelDrivenInterceptor.intercept(ScopedModelDrivenInterceptor.java:142) ~[struts2-core-2.5.33.jar:2.5.33]
	at com.opensymphony.xwork2.DefaultActionInvocation.invoke(DefaultActionInvocation.java:249) ~[struts2-core-2.5.33.jar:2.5.33]
	at com.opensymphony.xwork2.interceptor.ChainingInterceptor.intercept(ChainingInterceptor.java:160) ~[struts2-core-2.5.33.jar:2.5.33]
	at com.opensymphony.xwork2.DefaultActionInvocation.invoke(DefaultActionInvocation.java:249) ~[struts2-core-2.5.33.jar:2.5.33]
	at com.opensymphony.xwork2.interceptor.PrepareInterceptor.doIntercept(PrepareInterceptor.java:175) ~[struts2-core-2.5.33.jar:2.5.33]
	at com.opensymphony.xwork2.interceptor.MethodFilterInterceptor.intercept(MethodFilterInterceptor.java:99) ~[struts2-core-2.5.33.jar:2.5.33]
	at com.opensymphony.xwork2.DefaultActionInvocation.invoke(DefaultActionInvocation.java:249) ~[struts2-core-2.5.33.jar:2.5.33]
	at org.apache.struts2.interceptor.I18nInterceptor.intercept(I18nInterceptor.java:121) ~[struts2-core-2.5.33.jar:2.5.33]
	at com.opensymphony.xwork2.DefaultActionInvocation.invoke(DefaultActionInvocation.java:249) ~[struts2-core-2.5.33.jar:2.5.33]
	at org.apache.struts2.interceptor.ServletConfigInterceptor.intercept(ServletConfigInterceptor.java:167) ~[struts2-core-2.5.33.jar:2.5.33]
	at com.opensymphony.xwork2.DefaultActionInvocation.invoke(DefaultActionInvocation.java:249) ~[struts2-core-2.5.33.jar:2.5.33]
	at com.opensymphony.xwork2.interceptor.AliasInterceptor.intercept(AliasInterceptor.java:228) ~[struts2-core-2.5.33.jar:2.5.33]
	at com.opensymphony.xwork2.DefaultActionInvocation.invoke(DefaultActionInvocation.java:249) ~[struts2-core-2.5.33.jar:2.5.33]
	at com.opensymphony.xwork2.interceptor.ExceptionMappingInterceptor.intercept(ExceptionMappingInterceptor.java:196) ~[struts2-core-2.5.33.jar:2.5.33]
	at com.opensymphony.xwork2.DefaultActionInvocation.invoke(DefaultActionInvocation.java:249) ~[struts2-core-2.5.33.jar:2.5.33]
	at org.example.interceptor.AuthenticationInterceptor.intercept(AuthenticationInterceptor.java:49) ~[classes/:?]
	at com.opensymphony.xwork2.DefaultActionInvocation.invoke(DefaultActionInvocation.java:249) ~[struts2-core-2.5.33.jar:2.5.33]
	at org.apache.struts2.factory.StrutsActionProxy.execute(StrutsActionProxy.java:48) ~[struts2-core-2.5.33.jar:2.5.33]
	at org.apache.struts2.dispatcher.Dispatcher.serviceAction(Dispatcher.java:574) ~[struts2-core-2.5.33.jar:2.5.33]
	at org.apache.struts2.dispatcher.ExecuteOperations.executeAction(ExecuteOperations.java:79) ~[struts2-core-2.5.33.jar:2.5.33]
	at org.apache.struts2.dispatcher.filter.StrutsPrepareAndExecuteFilter.doFilter(StrutsPrepareAndExecuteFilter.java:141) ~[struts2-core-2.5.33.jar:2.5.33]
	at org.eclipse.jetty.servlet.FilterHolder.doFilter(FilterHolder.java:201) ~[?:?]
	at org.eclipse.jetty.servlet.ServletHandler$Chain.doFilter(ServletHandler.java:1626) ~[?:?]
	at org.eclipse.jetty.servlet.ServletHandler.doHandle(ServletHandler.java:552) ~[?:?]
	at org.eclipse.jetty.server.handler.ScopedHandler.handle(ScopedHandler.java:143) ~[?:?]
	at org.eclipse.jetty.security.SecurityHandler.handle(SecurityHandler.java:600) ~[?:?]
	at org.eclipse.jetty.server.handler.HandlerWrapper.handle(HandlerWrapper.java:127) ~[?:?]
	at org.eclipse.jetty.server.handler.ScopedHandler.nextHandle(ScopedHandler.java:235) ~[?:?]
	at org.eclipse.jetty.server.session.SessionHandler.doHandle(SessionHandler.java:1624) ~[?:?]
	at org.eclipse.jetty.server.handler.ScopedHandler.nextHandle(ScopedHandler.java:233) ~[?:?]
	at org.eclipse.jetty.server.handler.ContextHandler.doHandle(ContextHandler.java:1440) ~[?:?]
	at org.eclipse.jetty.server.handler.ScopedHandler.nextScope(ScopedHandler.java:188) ~[?:?]
	at org.eclipse.jetty.servlet.ServletHandler.doScope(ServletHandler.java:505) ~[?:?]
	at org.eclipse.jetty.server.session.SessionHandler.doScope(SessionHandler.java:1594) ~[?:?]
	at org.eclipse.jetty.server.handler.ScopedHandler.nextScope(ScopedHandler.java:186) ~[?:?]
	at org.eclipse.jetty.server.handler.ContextHandler.doScope(ContextHandler.java:1355) ~[?:?]
	at org.eclipse.jetty.server.handler.ScopedHandler.handle(ScopedHandler.java:141) ~[?:?]
	at org.eclipse.jetty.server.handler.ContextHandlerCollection.handle(ContextHandlerCollection.java:191) ~[?:?]
	at org.eclipse.jetty.server.handler.HandlerCollection.handle(HandlerCollection.java:146) ~[?:?]
	at org.eclipse.jetty.server.handler.HandlerWrapper.handle(HandlerWrapper.java:127) ~[?:?]
	at org.eclipse.jetty.server.Server.handle(Server.java:516) ~[?:?]
	at org.eclipse.jetty.server.HttpChannel.lambda$handle$1(HttpChannel.java:487) ~[?:?]
	at org.eclipse.jetty.server.HttpChannel.dispatch(HttpChannel.java:732) ~[?:?]
	at org.eclipse.jetty.server.HttpChannel.handle(HttpChannel.java:479) ~[?:?]
	at org.eclipse.jetty.server.HttpConnection.onFillable(HttpConnection.java:277) ~[?:?]
	at org.eclipse.jetty.io.AbstractConnection$ReadCallback.succeeded(AbstractConnection.java:311) ~[?:?]
	at org.eclipse.jetty.io.FillInterest.fillable(FillInterest.java:105) ~[?:?]
	at org.eclipse.jetty.io.ChannelEndPoint$1.run(ChannelEndPoint.java:104) ~[?:?]
	at org.eclipse.jetty.util.thread.strategy.EatWhatYouKill.runTask(EatWhatYouKill.java:338) ~[?:?]
	at org.eclipse.jetty.util.thread.strategy.EatWhatYouKill.doProduce(EatWhatYouKill.java:315) ~[?:?]
	at org.eclipse.jetty.util.thread.strategy.EatWhatYouKill.tryProduce(EatWhatYouKill.java:173) ~[?:?]
	at org.eclipse.jetty.util.thread.strategy.EatWhatYouKill.run(EatWhatYouKill.java:131) ~[?:?]
	at org.eclipse.jetty.util.thread.ReservedThreadExecutor$ReservedThread.run(ReservedThreadExecutor.java:409) ~[?:?]
	at org.eclipse.jetty.util.thread.QueuedThreadPool.runJob(QueuedThreadPool.java:883) ~[?:?]
	at org.eclipse.jetty.util.thread.QueuedThreadPool$Runner.run(QueuedThreadPool.java:1034) ~[?:?]
	at java.lang.Thread.run(Thread.java:1583) [?:?]
2025-04-24 00:52:33.890 [qtp50980980-69] WARN  org.apache.struts2.dispatcher.DefaultDispatcherErrorHandler - Unable to send error response, code: 500; isCommited: true;
java.lang.IllegalStateException: COMMITTED
	at org.eclipse.jetty.server.HttpChannelState.sendError(HttpChannelState.java:915) ~[?:?]
	at org.eclipse.jetty.server.Response.sendError(Response.java:473) ~[?:?]
	at org.apache.struts2.dispatcher.DefaultDispatcherErrorHandler.sendErrorResponse(DefaultDispatcherErrorHandler.java:97) ~[struts2-core-2.5.33.jar:2.5.33]
	at org.apache.struts2.dispatcher.DefaultDispatcherErrorHandler.handleError(DefaultDispatcherErrorHandler.java:78) ~[struts2-core-2.5.33.jar:2.5.33]
	at org.apache.struts2.dispatcher.Dispatcher.sendError(Dispatcher.java:923) ~[struts2-core-2.5.33.jar:2.5.33]
	at org.apache.struts2.dispatcher.Dispatcher.serviceAction(Dispatcher.java:589) ~[struts2-core-2.5.33.jar:2.5.33]
	at org.apache.struts2.dispatcher.ExecuteOperations.executeAction(ExecuteOperations.java:79) ~[struts2-core-2.5.33.jar:2.5.33]
	at org.apache.struts2.dispatcher.filter.StrutsPrepareAndExecuteFilter.doFilter(StrutsPrepareAndExecuteFilter.java:141) ~[struts2-core-2.5.33.jar:2.5.33]
	at org.eclipse.jetty.servlet.FilterHolder.doFilter(FilterHolder.java:201) ~[?:?]
	at org.eclipse.jetty.servlet.ServletHandler$Chain.doFilter(ServletHandler.java:1626) ~[?:?]
	at org.eclipse.jetty.servlet.ServletHandler.doHandle(ServletHandler.java:552) ~[?:?]
	at org.eclipse.jetty.server.handler.ScopedHandler.handle(ScopedHandler.java:143) ~[?:?]
	at org.eclipse.jetty.security.SecurityHandler.handle(SecurityHandler.java:600) ~[?:?]
	at org.eclipse.jetty.server.handler.HandlerWrapper.handle(HandlerWrapper.java:127) ~[?:?]
	at org.eclipse.jetty.server.handler.ScopedHandler.nextHandle(ScopedHandler.java:235) ~[?:?]
	at org.eclipse.jetty.server.session.SessionHandler.doHandle(SessionHandler.java:1624) ~[?:?]
	at org.eclipse.jetty.server.handler.ScopedHandler.nextHandle(ScopedHandler.java:233) ~[?:?]
	at org.eclipse.jetty.server.handler.ContextHandler.doHandle(ContextHandler.java:1440) ~[?:?]
	at org.eclipse.jetty.server.handler.ScopedHandler.nextScope(ScopedHandler.java:188) ~[?:?]
	at org.eclipse.jetty.servlet.ServletHandler.doScope(ServletHandler.java:505) ~[?:?]
	at org.eclipse.jetty.server.session.SessionHandler.doScope(SessionHandler.java:1594) ~[?:?]
	at org.eclipse.jetty.server.handler.ScopedHandler.nextScope(ScopedHandler.java:186) ~[?:?]
	at org.eclipse.jetty.server.handler.ContextHandler.doScope(ContextHandler.java:1355) ~[?:?]
	at org.eclipse.jetty.server.handler.ScopedHandler.handle(ScopedHandler.java:141) ~[?:?]
	at org.eclipse.jetty.server.handler.ContextHandlerCollection.handle(ContextHandlerCollection.java:191) ~[?:?]
	at org.eclipse.jetty.server.handler.HandlerCollection.handle(HandlerCollection.java:146) ~[?:?]
	at org.eclipse.jetty.server.handler.HandlerWrapper.handle(HandlerWrapper.java:127) ~[?:?]
	at org.eclipse.jetty.server.Server.handle(Server.java:516) ~[?:?]
	at org.eclipse.jetty.server.HttpChannel.lambda$handle$1(HttpChannel.java:487) ~[?:?]
	at org.eclipse.jetty.server.HttpChannel.dispatch(HttpChannel.java:732) ~[?:?]
	at org.eclipse.jetty.server.HttpChannel.handle(HttpChannel.java:479) ~[?:?]
	at org.eclipse.jetty.server.HttpConnection.onFillable(HttpConnection.java:277) ~[?:?]
	at org.eclipse.jetty.io.AbstractConnection$ReadCallback.succeeded(AbstractConnection.java:311) ~[?:?]
	at org.eclipse.jetty.io.FillInterest.fillable(FillInterest.java:105) ~[?:?]
	at org.eclipse.jetty.io.ChannelEndPoint$1.run(ChannelEndPoint.java:104) ~[?:?]
	at org.eclipse.jetty.util.thread.strategy.EatWhatYouKill.runTask(EatWhatYouKill.java:338) ~[?:?]
	at org.eclipse.jetty.util.thread.strategy.EatWhatYouKill.doProduce(EatWhatYouKill.java:315) ~[?:?]
	at org.eclipse.jetty.util.thread.strategy.EatWhatYouKill.tryProduce(EatWhatYouKill.java:173) ~[?:?]
	at org.eclipse.jetty.util.thread.strategy.EatWhatYouKill.run(EatWhatYouKill.java:131) ~[?:?]
	at org.eclipse.jetty.util.thread.ReservedThreadExecutor$ReservedThread.run(ReservedThreadExecutor.java:409) ~[?:?]
	at org.eclipse.jetty.util.thread.QueuedThreadPool.runJob(QueuedThreadPool.java:883) ~[?:?]
	at org.eclipse.jetty.util.thread.QueuedThreadPool$Runner.run(QueuedThreadPool.java:1034) ~[?:?]
	at java.lang.Thread.run(Thread.java:1583) [?:?]
2025-04-24 00:59:57.570 [qtp50980980-74] ERROR org.apache.struts2.dispatcher.DefaultDispatcherErrorHandler - Exception occurred during processing request: STREAM
java.lang.IllegalStateException: STREAM
	at org.eclipse.jetty.server.Response.getWriter(Response.java:802) ~[?:?]
	at org.apache.struts2.json.JSONUtil.writeJSONToResponse(JSONUtil.java:386) ~[struts2-json-plugin-2.5.20.jar:2.5.20]
	at org.apache.struts2.json.JSONResult.writeToResponse(JSONResult.java:237) ~[struts2-json-plugin-2.5.20.jar:2.5.20]
	at org.apache.struts2.json.JSONResult.execute(JSONResult.java:200) ~[struts2-json-plugin-2.5.20.jar:2.5.20]
	at com.opensymphony.xwork2.DefaultActionInvocation.executeResult(DefaultActionInvocation.java:375) ~[struts2-core-2.5.33.jar:2.5.33]
	at com.opensymphony.xwork2.DefaultActionInvocation.invoke(DefaultActionInvocation.java:279) ~[struts2-core-2.5.33.jar:2.5.33]
	at org.apache.struts2.interceptor.debugging.DebuggingInterceptor.intercept(DebuggingInterceptor.java:250) ~[struts2-core-2.5.33.jar:2.5.33]
	at com.opensymphony.xwork2.DefaultActionInvocation.invoke(DefaultActionInvocation.java:249) ~[struts2-core-2.5.33.jar:2.5.33]
	at com.opensymphony.xwork2.interceptor.DefaultWorkflowInterceptor.doIntercept(DefaultWorkflowInterceptor.java:179) ~[struts2-core-2.5.33.jar:2.5.33]
	at com.opensymphony.xwork2.interceptor.MethodFilterInterceptor.intercept(MethodFilterInterceptor.java:99) ~[struts2-core-2.5.33.jar:2.5.33]
	at com.opensymphony.xwork2.DefaultActionInvocation.invoke(DefaultActionInvocation.java:249) ~[struts2-core-2.5.33.jar:2.5.33]
	at com.opensymphony.xwork2.validator.ValidationInterceptor.doIntercept(ValidationInterceptor.java:263) ~[struts2-core-2.5.33.jar:2.5.33]
	at org.apache.struts2.interceptor.validation.AnnotationValidationInterceptor.doIntercept(AnnotationValidationInterceptor.java:49) ~[struts2-core-2.5.33.jar:2.5.33]
	at com.opensymphony.xwork2.interceptor.MethodFilterInterceptor.intercept(MethodFilterInterceptor.java:99) ~[struts2-core-2.5.33.jar:2.5.33]
	at com.opensymphony.xwork2.DefaultActionInvocation.invoke(DefaultActionInvocation.java:249) ~[struts2-core-2.5.33.jar:2.5.33]
	at com.opensymphony.xwork2.interceptor.ConversionErrorInterceptor.doIntercept(ConversionErrorInterceptor.java:142) ~[struts2-core-2.5.33.jar:2.5.33]
	at com.opensymphony.xwork2.interceptor.MethodFilterInterceptor.intercept(MethodFilterInterceptor.java:99) ~[struts2-core-2.5.33.jar:2.5.33]
	at com.opensymphony.xwork2.DefaultActionInvocation.invoke(DefaultActionInvocation.java:249) ~[struts2-core-2.5.33.jar:2.5.33]
	at com.opensymphony.xwork2.interceptor.ParametersInterceptor.doIntercept(ParametersInterceptor.java:140) ~[struts2-core-2.5.33.jar:2.5.33]
	at com.opensymphony.xwork2.interceptor.MethodFilterInterceptor.intercept(MethodFilterInterceptor.java:99) ~[struts2-core-2.5.33.jar:2.5.33]
	at com.opensymphony.xwork2.DefaultActionInvocation.invoke(DefaultActionInvocation.java:249) ~[struts2-core-2.5.33.jar:2.5.33]
	at com.opensymphony.xwork2.interceptor.ParametersInterceptor.doIntercept(ParametersInterceptor.java:140) ~[struts2-core-2.5.33.jar:2.5.33]
	at com.opensymphony.xwork2.interceptor.MethodFilterInterceptor.intercept(MethodFilterInterceptor.java:99) ~[struts2-core-2.5.33.jar:2.5.33]
	at com.opensymphony.xwork2.DefaultActionInvocation.invoke(DefaultActionInvocation.java:249) ~[struts2-core-2.5.33.jar:2.5.33]
	at com.opensymphony.xwork2.interceptor.StaticParametersInterceptor.intercept(StaticParametersInterceptor.java:201) ~[struts2-core-2.5.33.jar:2.5.33]
	at com.opensymphony.xwork2.DefaultActionInvocation.invoke(DefaultActionInvocation.java:249) ~[struts2-core-2.5.33.jar:2.5.33]
	at org.apache.struts2.interceptor.MultiselectInterceptor.intercept(MultiselectInterceptor.java:67) ~[struts2-core-2.5.33.jar:2.5.33]
	at com.opensymphony.xwork2.DefaultActionInvocation.invoke(DefaultActionInvocation.java:249) ~[struts2-core-2.5.33.jar:2.5.33]
	at org.apache.struts2.interceptor.DateTextFieldInterceptor.intercept(DateTextFieldInterceptor.java:133) ~[struts2-core-2.5.33.jar:2.5.33]
	at com.opensymphony.xwork2.DefaultActionInvocation.invoke(DefaultActionInvocation.java:249) ~[struts2-core-2.5.33.jar:2.5.33]
	at org.apache.struts2.interceptor.CheckboxInterceptor.intercept(CheckboxInterceptor.java:89) ~[struts2-core-2.5.33.jar:2.5.33]
	at com.opensymphony.xwork2.DefaultActionInvocation.invoke(DefaultActionInvocation.java:249) ~[struts2-core-2.5.33.jar:2.5.33]
	at org.apache.struts2.interceptor.FileUploadInterceptor.intercept(FileUploadInterceptor.java:243) ~[struts2-core-2.5.33.jar:2.5.33]
	at com.opensymphony.xwork2.DefaultActionInvocation.invoke(DefaultActionInvocation.java:249) ~[struts2-core-2.5.33.jar:2.5.33]
	at com.opensymphony.xwork2.interceptor.ModelDrivenInterceptor.intercept(ModelDrivenInterceptor.java:101) ~[struts2-core-2.5.33.jar:2.5.33]
	at com.opensymphony.xwork2.DefaultActionInvocation.invoke(DefaultActionInvocation.java:249) ~[struts2-core-2.5.33.jar:2.5.33]
	at com.opensymphony.xwork2.interceptor.ScopedModelDrivenInterceptor.intercept(ScopedModelDrivenInterceptor.java:142) ~[struts2-core-2.5.33.jar:2.5.33]
	at com.opensymphony.xwork2.DefaultActionInvocation.invoke(DefaultActionInvocation.java:249) ~[struts2-core-2.5.33.jar:2.5.33]
	at com.opensymphony.xwork2.interceptor.ChainingInterceptor.intercept(ChainingInterceptor.java:160) ~[struts2-core-2.5.33.jar:2.5.33]
	at com.opensymphony.xwork2.DefaultActionInvocation.invoke(DefaultActionInvocation.java:249) ~[struts2-core-2.5.33.jar:2.5.33]
	at com.opensymphony.xwork2.interceptor.PrepareInterceptor.doIntercept(PrepareInterceptor.java:175) ~[struts2-core-2.5.33.jar:2.5.33]
	at com.opensymphony.xwork2.interceptor.MethodFilterInterceptor.intercept(MethodFilterInterceptor.java:99) ~[struts2-core-2.5.33.jar:2.5.33]
	at com.opensymphony.xwork2.DefaultActionInvocation.invoke(DefaultActionInvocation.java:249) ~[struts2-core-2.5.33.jar:2.5.33]
	at org.apache.struts2.interceptor.I18nInterceptor.intercept(I18nInterceptor.java:121) ~[struts2-core-2.5.33.jar:2.5.33]
	at com.opensymphony.xwork2.DefaultActionInvocation.invoke(DefaultActionInvocation.java:249) ~[struts2-core-2.5.33.jar:2.5.33]
	at org.apache.struts2.interceptor.ServletConfigInterceptor.intercept(ServletConfigInterceptor.java:167) ~[struts2-core-2.5.33.jar:2.5.33]
	at com.opensymphony.xwork2.DefaultActionInvocation.invoke(DefaultActionInvocation.java:249) ~[struts2-core-2.5.33.jar:2.5.33]
	at com.opensymphony.xwork2.interceptor.AliasInterceptor.intercept(AliasInterceptor.java:228) ~[struts2-core-2.5.33.jar:2.5.33]
	at com.opensymphony.xwork2.DefaultActionInvocation.invoke(DefaultActionInvocation.java:249) ~[struts2-core-2.5.33.jar:2.5.33]
	at com.opensymphony.xwork2.interceptor.ExceptionMappingInterceptor.intercept(ExceptionMappingInterceptor.java:196) ~[struts2-core-2.5.33.jar:2.5.33]
	at com.opensymphony.xwork2.DefaultActionInvocation.invoke(DefaultActionInvocation.java:249) ~[struts2-core-2.5.33.jar:2.5.33]
	at org.example.interceptor.AuthenticationInterceptor.intercept(AuthenticationInterceptor.java:49) ~[classes/:?]
	at com.opensymphony.xwork2.DefaultActionInvocation.invoke(DefaultActionInvocation.java:249) ~[struts2-core-2.5.33.jar:2.5.33]
	at org.apache.struts2.factory.StrutsActionProxy.execute(StrutsActionProxy.java:48) ~[struts2-core-2.5.33.jar:2.5.33]
	at org.apache.struts2.dispatcher.Dispatcher.serviceAction(Dispatcher.java:574) ~[struts2-core-2.5.33.jar:2.5.33]
	at org.apache.struts2.dispatcher.ExecuteOperations.executeAction(ExecuteOperations.java:79) ~[struts2-core-2.5.33.jar:2.5.33]
	at org.apache.struts2.dispatcher.filter.StrutsPrepareAndExecuteFilter.doFilter(StrutsPrepareAndExecuteFilter.java:141) ~[struts2-core-2.5.33.jar:2.5.33]
	at org.eclipse.jetty.servlet.FilterHolder.doFilter(FilterHolder.java:201) ~[?:?]
	at org.eclipse.jetty.servlet.ServletHandler$Chain.doFilter(ServletHandler.java:1626) ~[?:?]
	at org.eclipse.jetty.servlet.ServletHandler.doHandle(ServletHandler.java:552) ~[?:?]
	at org.eclipse.jetty.server.handler.ScopedHandler.handle(ScopedHandler.java:143) ~[?:?]
	at org.eclipse.jetty.security.SecurityHandler.handle(SecurityHandler.java:600) ~[?:?]
	at org.eclipse.jetty.server.handler.HandlerWrapper.handle(HandlerWrapper.java:127) ~[?:?]
	at org.eclipse.jetty.server.handler.ScopedHandler.nextHandle(ScopedHandler.java:235) ~[?:?]
	at org.eclipse.jetty.server.session.SessionHandler.doHandle(SessionHandler.java:1624) ~[?:?]
	at org.eclipse.jetty.server.handler.ScopedHandler.nextHandle(ScopedHandler.java:233) ~[?:?]
	at org.eclipse.jetty.server.handler.ContextHandler.doHandle(ContextHandler.java:1440) ~[?:?]
	at org.eclipse.jetty.server.handler.ScopedHandler.nextScope(ScopedHandler.java:188) ~[?:?]
	at org.eclipse.jetty.servlet.ServletHandler.doScope(ServletHandler.java:505) ~[?:?]
	at org.eclipse.jetty.server.session.SessionHandler.doScope(SessionHandler.java:1594) ~[?:?]
	at org.eclipse.jetty.server.handler.ScopedHandler.nextScope(ScopedHandler.java:186) ~[?:?]
	at org.eclipse.jetty.server.handler.ContextHandler.doScope(ContextHandler.java:1355) ~[?:?]
	at org.eclipse.jetty.server.handler.ScopedHandler.handle(ScopedHandler.java:141) ~[?:?]
	at org.eclipse.jetty.server.handler.ContextHandlerCollection.handle(ContextHandlerCollection.java:191) ~[?:?]
	at org.eclipse.jetty.server.handler.HandlerCollection.handle(HandlerCollection.java:146) ~[?:?]
	at org.eclipse.jetty.server.handler.HandlerWrapper.handle(HandlerWrapper.java:127) ~[?:?]
	at org.eclipse.jetty.server.Server.handle(Server.java:516) ~[?:?]
	at org.eclipse.jetty.server.HttpChannel.lambda$handle$1(HttpChannel.java:487) ~[?:?]
	at org.eclipse.jetty.server.HttpChannel.dispatch(HttpChannel.java:732) ~[?:?]
	at org.eclipse.jetty.server.HttpChannel.handle(HttpChannel.java:479) ~[?:?]
	at org.eclipse.jetty.server.HttpConnection.onFillable(HttpConnection.java:277) ~[?:?]
	at org.eclipse.jetty.io.AbstractConnection$ReadCallback.succeeded(AbstractConnection.java:311) ~[?:?]
	at org.eclipse.jetty.io.FillInterest.fillable(FillInterest.java:105) ~[?:?]
	at org.eclipse.jetty.io.ChannelEndPoint$1.run(ChannelEndPoint.java:104) ~[?:?]
	at org.eclipse.jetty.util.thread.strategy.EatWhatYouKill.runTask(EatWhatYouKill.java:338) ~[?:?]
	at org.eclipse.jetty.util.thread.strategy.EatWhatYouKill.doProduce(EatWhatYouKill.java:315) ~[?:?]
	at org.eclipse.jetty.util.thread.strategy.EatWhatYouKill.tryProduce(EatWhatYouKill.java:173) ~[?:?]
	at org.eclipse.jetty.util.thread.strategy.EatWhatYouKill.run(EatWhatYouKill.java:131) ~[?:?]
	at org.eclipse.jetty.util.thread.ReservedThreadExecutor$ReservedThread.run(ReservedThreadExecutor.java:409) ~[?:?]
	at org.eclipse.jetty.util.thread.QueuedThreadPool.runJob(QueuedThreadPool.java:883) ~[?:?]
	at org.eclipse.jetty.util.thread.QueuedThreadPool$Runner.run(QueuedThreadPool.java:1034) ~[?:?]
	at java.lang.Thread.run(Thread.java:1583) [?:?]
2025-04-24 00:59:57.787 [qtp50980980-74] WARN  org.apache.struts2.dispatcher.DefaultDispatcherErrorHandler - Unable to send error response, code: 500; isCommited: true;
java.lang.IllegalStateException: COMMITTED
	at org.eclipse.jetty.server.HttpChannelState.sendError(HttpChannelState.java:915) ~[?:?]
	at org.eclipse.jetty.server.Response.sendError(Response.java:473) ~[?:?]
	at org.apache.struts2.dispatcher.DefaultDispatcherErrorHandler.sendErrorResponse(DefaultDispatcherErrorHandler.java:97) ~[struts2-core-2.5.33.jar:2.5.33]
	at org.apache.struts2.dispatcher.DefaultDispatcherErrorHandler.handleError(DefaultDispatcherErrorHandler.java:78) ~[struts2-core-2.5.33.jar:2.5.33]
	at org.apache.struts2.dispatcher.Dispatcher.sendError(Dispatcher.java:923) ~[struts2-core-2.5.33.jar:2.5.33]
	at org.apache.struts2.dispatcher.Dispatcher.serviceAction(Dispatcher.java:589) ~[struts2-core-2.5.33.jar:2.5.33]
	at org.apache.struts2.dispatcher.ExecuteOperations.executeAction(ExecuteOperations.java:79) ~[struts2-core-2.5.33.jar:2.5.33]
	at org.apache.struts2.dispatcher.filter.StrutsPrepareAndExecuteFilter.doFilter(StrutsPrepareAndExecuteFilter.java:141) ~[struts2-core-2.5.33.jar:2.5.33]
	at org.eclipse.jetty.servlet.FilterHolder.doFilter(FilterHolder.java:201) ~[?:?]
	at org.eclipse.jetty.servlet.ServletHandler$Chain.doFilter(ServletHandler.java:1626) ~[?:?]
	at org.eclipse.jetty.servlet.ServletHandler.doHandle(ServletHandler.java:552) ~[?:?]
	at org.eclipse.jetty.server.handler.ScopedHandler.handle(ScopedHandler.java:143) ~[?:?]
	at org.eclipse.jetty.security.SecurityHandler.handle(SecurityHandler.java:600) ~[?:?]
	at org.eclipse.jetty.server.handler.HandlerWrapper.handle(HandlerWrapper.java:127) ~[?:?]
	at org.eclipse.jetty.server.handler.ScopedHandler.nextHandle(ScopedHandler.java:235) ~[?:?]
	at org.eclipse.jetty.server.session.SessionHandler.doHandle(SessionHandler.java:1624) ~[?:?]
	at org.eclipse.jetty.server.handler.ScopedHandler.nextHandle(ScopedHandler.java:233) ~[?:?]
	at org.eclipse.jetty.server.handler.ContextHandler.doHandle(ContextHandler.java:1440) ~[?:?]
	at org.eclipse.jetty.server.handler.ScopedHandler.nextScope(ScopedHandler.java:188) ~[?:?]
	at org.eclipse.jetty.servlet.ServletHandler.doScope(ServletHandler.java:505) ~[?:?]
	at org.eclipse.jetty.server.session.SessionHandler.doScope(SessionHandler.java:1594) ~[?:?]
	at org.eclipse.jetty.server.handler.ScopedHandler.nextScope(ScopedHandler.java:186) ~[?:?]
	at org.eclipse.jetty.server.handler.ContextHandler.doScope(ContextHandler.java:1355) ~[?:?]
	at org.eclipse.jetty.server.handler.ScopedHandler.handle(ScopedHandler.java:141) ~[?:?]
	at org.eclipse.jetty.server.handler.ContextHandlerCollection.handle(ContextHandlerCollection.java:191) ~[?:?]
	at org.eclipse.jetty.server.handler.HandlerCollection.handle(HandlerCollection.java:146) ~[?:?]
	at org.eclipse.jetty.server.handler.HandlerWrapper.handle(HandlerWrapper.java:127) ~[?:?]
	at org.eclipse.jetty.server.Server.handle(Server.java:516) ~[?:?]
	at org.eclipse.jetty.server.HttpChannel.lambda$handle$1(HttpChannel.java:487) ~[?:?]
	at org.eclipse.jetty.server.HttpChannel.dispatch(HttpChannel.java:732) ~[?:?]
	at org.eclipse.jetty.server.HttpChannel.handle(HttpChannel.java:479) ~[?:?]
	at org.eclipse.jetty.server.HttpConnection.onFillable(HttpConnection.java:277) ~[?:?]
	at org.eclipse.jetty.io.AbstractConnection$ReadCallback.succeeded(AbstractConnection.java:311) ~[?:?]
	at org.eclipse.jetty.io.FillInterest.fillable(FillInterest.java:105) ~[?:?]
	at org.eclipse.jetty.io.ChannelEndPoint$1.run(ChannelEndPoint.java:104) ~[?:?]
	at org.eclipse.jetty.util.thread.strategy.EatWhatYouKill.runTask(EatWhatYouKill.java:338) ~[?:?]
	at org.eclipse.jetty.util.thread.strategy.EatWhatYouKill.doProduce(EatWhatYouKill.java:315) ~[?:?]
	at org.eclipse.jetty.util.thread.strategy.EatWhatYouKill.tryProduce(EatWhatYouKill.java:173) ~[?:?]
	at org.eclipse.jetty.util.thread.strategy.EatWhatYouKill.run(EatWhatYouKill.java:131) ~[?:?]
	at org.eclipse.jetty.util.thread.ReservedThreadExecutor$ReservedThread.run(ReservedThreadExecutor.java:409) ~[?:?]
	at org.eclipse.jetty.util.thread.QueuedThreadPool.runJob(QueuedThreadPool.java:883) ~[?:?]
	at org.eclipse.jetty.util.thread.QueuedThreadPool$Runner.run(QueuedThreadPool.java:1034) ~[?:?]
	at java.lang.Thread.run(Thread.java:1583) [?:?]
2025-04-24 01:01:02.679 [qtp50980980-64] ERROR org.apache.struts2.dispatcher.DefaultDispatcherErrorHandler - Exception occurred during processing request: STREAM
java.lang.IllegalStateException: STREAM
	at org.eclipse.jetty.server.Response.getWriter(Response.java:802) ~[?:?]
	at org.apache.struts2.json.JSONUtil.writeJSONToResponse(JSONUtil.java:386) ~[struts2-json-plugin-2.5.20.jar:2.5.20]
	at org.apache.struts2.json.JSONResult.writeToResponse(JSONResult.java:237) ~[struts2-json-plugin-2.5.20.jar:2.5.20]
	at org.apache.struts2.json.JSONResult.execute(JSONResult.java:200) ~[struts2-json-plugin-2.5.20.jar:2.5.20]
	at com.opensymphony.xwork2.DefaultActionInvocation.executeResult(DefaultActionInvocation.java:375) ~[struts2-core-2.5.33.jar:2.5.33]
	at com.opensymphony.xwork2.DefaultActionInvocation.invoke(DefaultActionInvocation.java:279) ~[struts2-core-2.5.33.jar:2.5.33]
	at org.apache.struts2.interceptor.debugging.DebuggingInterceptor.intercept(DebuggingInterceptor.java:250) ~[struts2-core-2.5.33.jar:2.5.33]
	at com.opensymphony.xwork2.DefaultActionInvocation.invoke(DefaultActionInvocation.java:249) ~[struts2-core-2.5.33.jar:2.5.33]
	at com.opensymphony.xwork2.interceptor.DefaultWorkflowInterceptor.doIntercept(DefaultWorkflowInterceptor.java:179) ~[struts2-core-2.5.33.jar:2.5.33]
	at com.opensymphony.xwork2.interceptor.MethodFilterInterceptor.intercept(MethodFilterInterceptor.java:99) ~[struts2-core-2.5.33.jar:2.5.33]
	at com.opensymphony.xwork2.DefaultActionInvocation.invoke(DefaultActionInvocation.java:249) ~[struts2-core-2.5.33.jar:2.5.33]
	at com.opensymphony.xwork2.validator.ValidationInterceptor.doIntercept(ValidationInterceptor.java:263) ~[struts2-core-2.5.33.jar:2.5.33]
	at org.apache.struts2.interceptor.validation.AnnotationValidationInterceptor.doIntercept(AnnotationValidationInterceptor.java:49) ~[struts2-core-2.5.33.jar:2.5.33]
	at com.opensymphony.xwork2.interceptor.MethodFilterInterceptor.intercept(MethodFilterInterceptor.java:99) ~[struts2-core-2.5.33.jar:2.5.33]
	at com.opensymphony.xwork2.DefaultActionInvocation.invoke(DefaultActionInvocation.java:249) ~[struts2-core-2.5.33.jar:2.5.33]
	at com.opensymphony.xwork2.interceptor.ConversionErrorInterceptor.doIntercept(ConversionErrorInterceptor.java:142) ~[struts2-core-2.5.33.jar:2.5.33]
	at com.opensymphony.xwork2.interceptor.MethodFilterInterceptor.intercept(MethodFilterInterceptor.java:99) ~[struts2-core-2.5.33.jar:2.5.33]
	at com.opensymphony.xwork2.DefaultActionInvocation.invoke(DefaultActionInvocation.java:249) ~[struts2-core-2.5.33.jar:2.5.33]
	at com.opensymphony.xwork2.interceptor.ParametersInterceptor.doIntercept(ParametersInterceptor.java:140) ~[struts2-core-2.5.33.jar:2.5.33]
	at com.opensymphony.xwork2.interceptor.MethodFilterInterceptor.intercept(MethodFilterInterceptor.java:99) ~[struts2-core-2.5.33.jar:2.5.33]
	at com.opensymphony.xwork2.DefaultActionInvocation.invoke(DefaultActionInvocation.java:249) ~[struts2-core-2.5.33.jar:2.5.33]
	at com.opensymphony.xwork2.interceptor.ParametersInterceptor.doIntercept(ParametersInterceptor.java:140) ~[struts2-core-2.5.33.jar:2.5.33]
	at com.opensymphony.xwork2.interceptor.MethodFilterInterceptor.intercept(MethodFilterInterceptor.java:99) ~[struts2-core-2.5.33.jar:2.5.33]
	at com.opensymphony.xwork2.DefaultActionInvocation.invoke(DefaultActionInvocation.java:249) ~[struts2-core-2.5.33.jar:2.5.33]
	at com.opensymphony.xwork2.interceptor.StaticParametersInterceptor.intercept(StaticParametersInterceptor.java:201) ~[struts2-core-2.5.33.jar:2.5.33]
	at com.opensymphony.xwork2.DefaultActionInvocation.invoke(DefaultActionInvocation.java:249) ~[struts2-core-2.5.33.jar:2.5.33]
	at org.apache.struts2.interceptor.MultiselectInterceptor.intercept(MultiselectInterceptor.java:67) ~[struts2-core-2.5.33.jar:2.5.33]
	at com.opensymphony.xwork2.DefaultActionInvocation.invoke(DefaultActionInvocation.java:249) ~[struts2-core-2.5.33.jar:2.5.33]
	at org.apache.struts2.interceptor.DateTextFieldInterceptor.intercept(DateTextFieldInterceptor.java:133) ~[struts2-core-2.5.33.jar:2.5.33]
	at com.opensymphony.xwork2.DefaultActionInvocation.invoke(DefaultActionInvocation.java:249) ~[struts2-core-2.5.33.jar:2.5.33]
	at org.apache.struts2.interceptor.CheckboxInterceptor.intercept(CheckboxInterceptor.java:89) ~[struts2-core-2.5.33.jar:2.5.33]
	at com.opensymphony.xwork2.DefaultActionInvocation.invoke(DefaultActionInvocation.java:249) ~[struts2-core-2.5.33.jar:2.5.33]
	at org.apache.struts2.interceptor.FileUploadInterceptor.intercept(FileUploadInterceptor.java:243) ~[struts2-core-2.5.33.jar:2.5.33]
	at com.opensymphony.xwork2.DefaultActionInvocation.invoke(DefaultActionInvocation.java:249) ~[struts2-core-2.5.33.jar:2.5.33]
	at com.opensymphony.xwork2.interceptor.ModelDrivenInterceptor.intercept(ModelDrivenInterceptor.java:101) ~[struts2-core-2.5.33.jar:2.5.33]
	at com.opensymphony.xwork2.DefaultActionInvocation.invoke(DefaultActionInvocation.java:249) ~[struts2-core-2.5.33.jar:2.5.33]
	at com.opensymphony.xwork2.interceptor.ScopedModelDrivenInterceptor.intercept(ScopedModelDrivenInterceptor.java:142) ~[struts2-core-2.5.33.jar:2.5.33]
	at com.opensymphony.xwork2.DefaultActionInvocation.invoke(DefaultActionInvocation.java:249) ~[struts2-core-2.5.33.jar:2.5.33]
	at com.opensymphony.xwork2.interceptor.ChainingInterceptor.intercept(ChainingInterceptor.java:160) ~[struts2-core-2.5.33.jar:2.5.33]
	at com.opensymphony.xwork2.DefaultActionInvocation.invoke(DefaultActionInvocation.java:249) ~[struts2-core-2.5.33.jar:2.5.33]
	at com.opensymphony.xwork2.interceptor.PrepareInterceptor.doIntercept(PrepareInterceptor.java:175) ~[struts2-core-2.5.33.jar:2.5.33]
	at com.opensymphony.xwork2.interceptor.MethodFilterInterceptor.intercept(MethodFilterInterceptor.java:99) ~[struts2-core-2.5.33.jar:2.5.33]
	at com.opensymphony.xwork2.DefaultActionInvocation.invoke(DefaultActionInvocation.java:249) ~[struts2-core-2.5.33.jar:2.5.33]
	at org.apache.struts2.interceptor.I18nInterceptor.intercept(I18nInterceptor.java:121) ~[struts2-core-2.5.33.jar:2.5.33]
	at com.opensymphony.xwork2.DefaultActionInvocation.invoke(DefaultActionInvocation.java:249) ~[struts2-core-2.5.33.jar:2.5.33]
	at org.apache.struts2.interceptor.ServletConfigInterceptor.intercept(ServletConfigInterceptor.java:167) ~[struts2-core-2.5.33.jar:2.5.33]
	at com.opensymphony.xwork2.DefaultActionInvocation.invoke(DefaultActionInvocation.java:249) ~[struts2-core-2.5.33.jar:2.5.33]
	at com.opensymphony.xwork2.interceptor.AliasInterceptor.intercept(AliasInterceptor.java:228) ~[struts2-core-2.5.33.jar:2.5.33]
	at com.opensymphony.xwork2.DefaultActionInvocation.invoke(DefaultActionInvocation.java:249) ~[struts2-core-2.5.33.jar:2.5.33]
	at com.opensymphony.xwork2.interceptor.ExceptionMappingInterceptor.intercept(ExceptionMappingInterceptor.java:196) ~[struts2-core-2.5.33.jar:2.5.33]
	at com.opensymphony.xwork2.DefaultActionInvocation.invoke(DefaultActionInvocation.java:249) ~[struts2-core-2.5.33.jar:2.5.33]
	at org.example.interceptor.AuthenticationInterceptor.intercept(AuthenticationInterceptor.java:49) ~[classes/:?]
	at com.opensymphony.xwork2.DefaultActionInvocation.invoke(DefaultActionInvocation.java:249) ~[struts2-core-2.5.33.jar:2.5.33]
	at org.apache.struts2.factory.StrutsActionProxy.execute(StrutsActionProxy.java:48) ~[struts2-core-2.5.33.jar:2.5.33]
	at org.apache.struts2.dispatcher.Dispatcher.serviceAction(Dispatcher.java:574) ~[struts2-core-2.5.33.jar:2.5.33]
	at org.apache.struts2.dispatcher.ExecuteOperations.executeAction(ExecuteOperations.java:79) ~[struts2-core-2.5.33.jar:2.5.33]
	at org.apache.struts2.dispatcher.filter.StrutsPrepareAndExecuteFilter.doFilter(StrutsPrepareAndExecuteFilter.java:141) ~[struts2-core-2.5.33.jar:2.5.33]
	at org.eclipse.jetty.servlet.FilterHolder.doFilter(FilterHolder.java:201) ~[?:?]
	at org.eclipse.jetty.servlet.ServletHandler$Chain.doFilter(ServletHandler.java:1626) ~[?:?]
	at org.eclipse.jetty.servlet.ServletHandler.doHandle(ServletHandler.java:552) ~[?:?]
	at org.eclipse.jetty.server.handler.ScopedHandler.handle(ScopedHandler.java:143) ~[?:?]
	at org.eclipse.jetty.security.SecurityHandler.handle(SecurityHandler.java:600) ~[?:?]
	at org.eclipse.jetty.server.handler.HandlerWrapper.handle(HandlerWrapper.java:127) ~[?:?]
	at org.eclipse.jetty.server.handler.ScopedHandler.nextHandle(ScopedHandler.java:235) ~[?:?]
	at org.eclipse.jetty.server.session.SessionHandler.doHandle(SessionHandler.java:1624) ~[?:?]
	at org.eclipse.jetty.server.handler.ScopedHandler.nextHandle(ScopedHandler.java:233) ~[?:?]
	at org.eclipse.jetty.server.handler.ContextHandler.doHandle(ContextHandler.java:1440) ~[?:?]
	at org.eclipse.jetty.server.handler.ScopedHandler.nextScope(ScopedHandler.java:188) ~[?:?]
	at org.eclipse.jetty.servlet.ServletHandler.doScope(ServletHandler.java:505) ~[?:?]
	at org.eclipse.jetty.server.session.SessionHandler.doScope(SessionHandler.java:1594) ~[?:?]
	at org.eclipse.jetty.server.handler.ScopedHandler.nextScope(ScopedHandler.java:186) ~[?:?]
	at org.eclipse.jetty.server.handler.ContextHandler.doScope(ContextHandler.java:1355) ~[?:?]
	at org.eclipse.jetty.server.handler.ScopedHandler.handle(ScopedHandler.java:141) ~[?:?]
	at org.eclipse.jetty.server.handler.ContextHandlerCollection.handle(ContextHandlerCollection.java:191) ~[?:?]
	at org.eclipse.jetty.server.handler.HandlerCollection.handle(HandlerCollection.java:146) ~[?:?]
	at org.eclipse.jetty.server.handler.HandlerWrapper.handle(HandlerWrapper.java:127) ~[?:?]
	at org.eclipse.jetty.server.Server.handle(Server.java:516) ~[?:?]
	at org.eclipse.jetty.server.HttpChannel.lambda$handle$1(HttpChannel.java:487) ~[?:?]
	at org.eclipse.jetty.server.HttpChannel.dispatch(HttpChannel.java:732) ~[?:?]
	at org.eclipse.jetty.server.HttpChannel.handle(HttpChannel.java:479) ~[?:?]
	at org.eclipse.jetty.server.HttpConnection.onFillable(HttpConnection.java:277) ~[?:?]
	at org.eclipse.jetty.io.AbstractConnection$ReadCallback.succeeded(AbstractConnection.java:311) ~[?:?]
	at org.eclipse.jetty.io.FillInterest.fillable(FillInterest.java:105) ~[?:?]
	at org.eclipse.jetty.io.ChannelEndPoint$1.run(ChannelEndPoint.java:104) ~[?:?]
	at org.eclipse.jetty.util.thread.strategy.EatWhatYouKill.runTask(EatWhatYouKill.java:338) ~[?:?]
	at org.eclipse.jetty.util.thread.strategy.EatWhatYouKill.doProduce(EatWhatYouKill.java:315) ~[?:?]
	at org.eclipse.jetty.util.thread.strategy.EatWhatYouKill.tryProduce(EatWhatYouKill.java:173) ~[?:?]
	at org.eclipse.jetty.util.thread.strategy.EatWhatYouKill.run(EatWhatYouKill.java:131) ~[?:?]
	at org.eclipse.jetty.util.thread.ReservedThreadExecutor$ReservedThread.run(ReservedThreadExecutor.java:409) ~[?:?]
	at org.eclipse.jetty.util.thread.QueuedThreadPool.runJob(QueuedThreadPool.java:883) ~[?:?]
	at org.eclipse.jetty.util.thread.QueuedThreadPool$Runner.run(QueuedThreadPool.java:1034) ~[?:?]
	at java.lang.Thread.run(Thread.java:1583) [?:?]
2025-04-24 01:01:02.894 [qtp50980980-64] WARN  org.apache.struts2.dispatcher.DefaultDispatcherErrorHandler - Unable to send error response, code: 500; isCommited: true;
java.lang.IllegalStateException: COMMITTED
	at org.eclipse.jetty.server.HttpChannelState.sendError(HttpChannelState.java:915) ~[?:?]
	at org.eclipse.jetty.server.Response.sendError(Response.java:473) ~[?:?]
	at org.apache.struts2.dispatcher.DefaultDispatcherErrorHandler.sendErrorResponse(DefaultDispatcherErrorHandler.java:97) ~[struts2-core-2.5.33.jar:2.5.33]
	at org.apache.struts2.dispatcher.DefaultDispatcherErrorHandler.handleError(DefaultDispatcherErrorHandler.java:78) ~[struts2-core-2.5.33.jar:2.5.33]
	at org.apache.struts2.dispatcher.Dispatcher.sendError(Dispatcher.java:923) ~[struts2-core-2.5.33.jar:2.5.33]
	at org.apache.struts2.dispatcher.Dispatcher.serviceAction(Dispatcher.java:589) ~[struts2-core-2.5.33.jar:2.5.33]
	at org.apache.struts2.dispatcher.ExecuteOperations.executeAction(ExecuteOperations.java:79) ~[struts2-core-2.5.33.jar:2.5.33]
	at org.apache.struts2.dispatcher.filter.StrutsPrepareAndExecuteFilter.doFilter(StrutsPrepareAndExecuteFilter.java:141) ~[struts2-core-2.5.33.jar:2.5.33]
	at org.eclipse.jetty.servlet.FilterHolder.doFilter(FilterHolder.java:201) ~[?:?]
	at org.eclipse.jetty.servlet.ServletHandler$Chain.doFilter(ServletHandler.java:1626) ~[?:?]
	at org.eclipse.jetty.servlet.ServletHandler.doHandle(ServletHandler.java:552) ~[?:?]
	at org.eclipse.jetty.server.handler.ScopedHandler.handle(ScopedHandler.java:143) ~[?:?]
	at org.eclipse.jetty.security.SecurityHandler.handle(SecurityHandler.java:600) ~[?:?]
	at org.eclipse.jetty.server.handler.HandlerWrapper.handle(HandlerWrapper.java:127) ~[?:?]
	at org.eclipse.jetty.server.handler.ScopedHandler.nextHandle(ScopedHandler.java:235) ~[?:?]
	at org.eclipse.jetty.server.session.SessionHandler.doHandle(SessionHandler.java:1624) ~[?:?]
	at org.eclipse.jetty.server.handler.ScopedHandler.nextHandle(ScopedHandler.java:233) ~[?:?]
	at org.eclipse.jetty.server.handler.ContextHandler.doHandle(ContextHandler.java:1440) ~[?:?]
	at org.eclipse.jetty.server.handler.ScopedHandler.nextScope(ScopedHandler.java:188) ~[?:?]
	at org.eclipse.jetty.servlet.ServletHandler.doScope(ServletHandler.java:505) ~[?:?]
	at org.eclipse.jetty.server.session.SessionHandler.doScope(SessionHandler.java:1594) ~[?:?]
	at org.eclipse.jetty.server.handler.ScopedHandler.nextScope(ScopedHandler.java:186) ~[?:?]
	at org.eclipse.jetty.server.handler.ContextHandler.doScope(ContextHandler.java:1355) ~[?:?]
	at org.eclipse.jetty.server.handler.ScopedHandler.handle(ScopedHandler.java:141) ~[?:?]
	at org.eclipse.jetty.server.handler.ContextHandlerCollection.handle(ContextHandlerCollection.java:191) ~[?:?]
	at org.eclipse.jetty.server.handler.HandlerCollection.handle(HandlerCollection.java:146) ~[?:?]
	at org.eclipse.jetty.server.handler.HandlerWrapper.handle(HandlerWrapper.java:127) ~[?:?]
	at org.eclipse.jetty.server.Server.handle(Server.java:516) ~[?:?]
	at org.eclipse.jetty.server.HttpChannel.lambda$handle$1(HttpChannel.java:487) ~[?:?]
	at org.eclipse.jetty.server.HttpChannel.dispatch(HttpChannel.java:732) ~[?:?]
	at org.eclipse.jetty.server.HttpChannel.handle(HttpChannel.java:479) ~[?:?]
	at org.eclipse.jetty.server.HttpConnection.onFillable(HttpConnection.java:277) ~[?:?]
	at org.eclipse.jetty.io.AbstractConnection$ReadCallback.succeeded(AbstractConnection.java:311) ~[?:?]
	at org.eclipse.jetty.io.FillInterest.fillable(FillInterest.java:105) ~[?:?]
	at org.eclipse.jetty.io.ChannelEndPoint$1.run(ChannelEndPoint.java:104) ~[?:?]
	at org.eclipse.jetty.util.thread.strategy.EatWhatYouKill.runTask(EatWhatYouKill.java:338) ~[?:?]
	at org.eclipse.jetty.util.thread.strategy.EatWhatYouKill.doProduce(EatWhatYouKill.java:315) ~[?:?]
	at org.eclipse.jetty.util.thread.strategy.EatWhatYouKill.tryProduce(EatWhatYouKill.java:173) ~[?:?]
	at org.eclipse.jetty.util.thread.strategy.EatWhatYouKill.run(EatWhatYouKill.java:131) ~[?:?]
	at org.eclipse.jetty.util.thread.ReservedThreadExecutor$ReservedThread.run(ReservedThreadExecutor.java:409) ~[?:?]
	at org.eclipse.jetty.util.thread.QueuedThreadPool.runJob(QueuedThreadPool.java:883) ~[?:?]
	at org.eclipse.jetty.util.thread.QueuedThreadPool$Runner.run(QueuedThreadPool.java:1034) ~[?:?]
	at java.lang.Thread.run(Thread.java:1583) [?:?]
2025-04-24 01:01:54.847 [qtp50980980-65] ERROR org.apache.struts2.dispatcher.DefaultDispatcherErrorHandler - Exception occurred during processing request: STREAM
java.lang.IllegalStateException: STREAM
	at org.eclipse.jetty.server.Response.getWriter(Response.java:802) ~[?:?]
	at org.apache.struts2.json.JSONUtil.writeJSONToResponse(JSONUtil.java:386) ~[struts2-json-plugin-2.5.20.jar:2.5.20]
	at org.apache.struts2.json.JSONResult.writeToResponse(JSONResult.java:237) ~[struts2-json-plugin-2.5.20.jar:2.5.20]
	at org.apache.struts2.json.JSONResult.execute(JSONResult.java:200) ~[struts2-json-plugin-2.5.20.jar:2.5.20]
	at com.opensymphony.xwork2.DefaultActionInvocation.executeResult(DefaultActionInvocation.java:375) ~[struts2-core-2.5.33.jar:2.5.33]
	at com.opensymphony.xwork2.DefaultActionInvocation.invoke(DefaultActionInvocation.java:279) ~[struts2-core-2.5.33.jar:2.5.33]
	at org.apache.struts2.interceptor.debugging.DebuggingInterceptor.intercept(DebuggingInterceptor.java:250) ~[struts2-core-2.5.33.jar:2.5.33]
	at com.opensymphony.xwork2.DefaultActionInvocation.invoke(DefaultActionInvocation.java:249) ~[struts2-core-2.5.33.jar:2.5.33]
	at com.opensymphony.xwork2.interceptor.DefaultWorkflowInterceptor.doIntercept(DefaultWorkflowInterceptor.java:179) ~[struts2-core-2.5.33.jar:2.5.33]
	at com.opensymphony.xwork2.interceptor.MethodFilterInterceptor.intercept(MethodFilterInterceptor.java:99) ~[struts2-core-2.5.33.jar:2.5.33]
	at com.opensymphony.xwork2.DefaultActionInvocation.invoke(DefaultActionInvocation.java:249) ~[struts2-core-2.5.33.jar:2.5.33]
	at com.opensymphony.xwork2.validator.ValidationInterceptor.doIntercept(ValidationInterceptor.java:263) ~[struts2-core-2.5.33.jar:2.5.33]
	at org.apache.struts2.interceptor.validation.AnnotationValidationInterceptor.doIntercept(AnnotationValidationInterceptor.java:49) ~[struts2-core-2.5.33.jar:2.5.33]
	at com.opensymphony.xwork2.interceptor.MethodFilterInterceptor.intercept(MethodFilterInterceptor.java:99) ~[struts2-core-2.5.33.jar:2.5.33]
	at com.opensymphony.xwork2.DefaultActionInvocation.invoke(DefaultActionInvocation.java:249) ~[struts2-core-2.5.33.jar:2.5.33]
	at com.opensymphony.xwork2.interceptor.ConversionErrorInterceptor.doIntercept(ConversionErrorInterceptor.java:142) ~[struts2-core-2.5.33.jar:2.5.33]
	at com.opensymphony.xwork2.interceptor.MethodFilterInterceptor.intercept(MethodFilterInterceptor.java:99) ~[struts2-core-2.5.33.jar:2.5.33]
	at com.opensymphony.xwork2.DefaultActionInvocation.invoke(DefaultActionInvocation.java:249) ~[struts2-core-2.5.33.jar:2.5.33]
	at com.opensymphony.xwork2.interceptor.ParametersInterceptor.doIntercept(ParametersInterceptor.java:140) ~[struts2-core-2.5.33.jar:2.5.33]
	at com.opensymphony.xwork2.interceptor.MethodFilterInterceptor.intercept(MethodFilterInterceptor.java:99) ~[struts2-core-2.5.33.jar:2.5.33]
	at com.opensymphony.xwork2.DefaultActionInvocation.invoke(DefaultActionInvocation.java:249) ~[struts2-core-2.5.33.jar:2.5.33]
	at com.opensymphony.xwork2.interceptor.ParametersInterceptor.doIntercept(ParametersInterceptor.java:140) ~[struts2-core-2.5.33.jar:2.5.33]
	at com.opensymphony.xwork2.interceptor.MethodFilterInterceptor.intercept(MethodFilterInterceptor.java:99) ~[struts2-core-2.5.33.jar:2.5.33]
	at com.opensymphony.xwork2.DefaultActionInvocation.invoke(DefaultActionInvocation.java:249) ~[struts2-core-2.5.33.jar:2.5.33]
	at com.opensymphony.xwork2.interceptor.StaticParametersInterceptor.intercept(StaticParametersInterceptor.java:201) ~[struts2-core-2.5.33.jar:2.5.33]
	at com.opensymphony.xwork2.DefaultActionInvocation.invoke(DefaultActionInvocation.java:249) ~[struts2-core-2.5.33.jar:2.5.33]
	at org.apache.struts2.interceptor.MultiselectInterceptor.intercept(MultiselectInterceptor.java:67) ~[struts2-core-2.5.33.jar:2.5.33]
	at com.opensymphony.xwork2.DefaultActionInvocation.invoke(DefaultActionInvocation.java:249) ~[struts2-core-2.5.33.jar:2.5.33]
	at org.apache.struts2.interceptor.DateTextFieldInterceptor.intercept(DateTextFieldInterceptor.java:133) ~[struts2-core-2.5.33.jar:2.5.33]
	at com.opensymphony.xwork2.DefaultActionInvocation.invoke(DefaultActionInvocation.java:249) ~[struts2-core-2.5.33.jar:2.5.33]
	at org.apache.struts2.interceptor.CheckboxInterceptor.intercept(CheckboxInterceptor.java:89) ~[struts2-core-2.5.33.jar:2.5.33]
	at com.opensymphony.xwork2.DefaultActionInvocation.invoke(DefaultActionInvocation.java:249) ~[struts2-core-2.5.33.jar:2.5.33]
	at org.apache.struts2.interceptor.FileUploadInterceptor.intercept(FileUploadInterceptor.java:243) ~[struts2-core-2.5.33.jar:2.5.33]
	at com.opensymphony.xwork2.DefaultActionInvocation.invoke(DefaultActionInvocation.java:249) ~[struts2-core-2.5.33.jar:2.5.33]
	at com.opensymphony.xwork2.interceptor.ModelDrivenInterceptor.intercept(ModelDrivenInterceptor.java:101) ~[struts2-core-2.5.33.jar:2.5.33]
	at com.opensymphony.xwork2.DefaultActionInvocation.invoke(DefaultActionInvocation.java:249) ~[struts2-core-2.5.33.jar:2.5.33]
	at com.opensymphony.xwork2.interceptor.ScopedModelDrivenInterceptor.intercept(ScopedModelDrivenInterceptor.java:142) ~[struts2-core-2.5.33.jar:2.5.33]
	at com.opensymphony.xwork2.DefaultActionInvocation.invoke(DefaultActionInvocation.java:249) ~[struts2-core-2.5.33.jar:2.5.33]
	at com.opensymphony.xwork2.interceptor.ChainingInterceptor.intercept(ChainingInterceptor.java:160) ~[struts2-core-2.5.33.jar:2.5.33]
	at com.opensymphony.xwork2.DefaultActionInvocation.invoke(DefaultActionInvocation.java:249) ~[struts2-core-2.5.33.jar:2.5.33]
	at com.opensymphony.xwork2.interceptor.PrepareInterceptor.doIntercept(PrepareInterceptor.java:175) ~[struts2-core-2.5.33.jar:2.5.33]
	at com.opensymphony.xwork2.interceptor.MethodFilterInterceptor.intercept(MethodFilterInterceptor.java:99) ~[struts2-core-2.5.33.jar:2.5.33]
	at com.opensymphony.xwork2.DefaultActionInvocation.invoke(DefaultActionInvocation.java:249) ~[struts2-core-2.5.33.jar:2.5.33]
	at org.apache.struts2.interceptor.I18nInterceptor.intercept(I18nInterceptor.java:121) ~[struts2-core-2.5.33.jar:2.5.33]
	at com.opensymphony.xwork2.DefaultActionInvocation.invoke(DefaultActionInvocation.java:249) ~[struts2-core-2.5.33.jar:2.5.33]
	at org.apache.struts2.interceptor.ServletConfigInterceptor.intercept(ServletConfigInterceptor.java:167) ~[struts2-core-2.5.33.jar:2.5.33]
	at com.opensymphony.xwork2.DefaultActionInvocation.invoke(DefaultActionInvocation.java:249) ~[struts2-core-2.5.33.jar:2.5.33]
	at com.opensymphony.xwork2.interceptor.AliasInterceptor.intercept(AliasInterceptor.java:228) ~[struts2-core-2.5.33.jar:2.5.33]
	at com.opensymphony.xwork2.DefaultActionInvocation.invoke(DefaultActionInvocation.java:249) ~[struts2-core-2.5.33.jar:2.5.33]
	at com.opensymphony.xwork2.interceptor.ExceptionMappingInterceptor.intercept(ExceptionMappingInterceptor.java:196) ~[struts2-core-2.5.33.jar:2.5.33]
	at com.opensymphony.xwork2.DefaultActionInvocation.invoke(DefaultActionInvocation.java:249) ~[struts2-core-2.5.33.jar:2.5.33]
	at org.example.interceptor.AuthenticationInterceptor.intercept(AuthenticationInterceptor.java:49) ~[classes/:?]
	at com.opensymphony.xwork2.DefaultActionInvocation.invoke(DefaultActionInvocation.java:249) ~[struts2-core-2.5.33.jar:2.5.33]
	at org.apache.struts2.factory.StrutsActionProxy.execute(StrutsActionProxy.java:48) ~[struts2-core-2.5.33.jar:2.5.33]
	at org.apache.struts2.dispatcher.Dispatcher.serviceAction(Dispatcher.java:574) ~[struts2-core-2.5.33.jar:2.5.33]
	at org.apache.struts2.dispatcher.ExecuteOperations.executeAction(ExecuteOperations.java:79) ~[struts2-core-2.5.33.jar:2.5.33]
	at org.apache.struts2.dispatcher.filter.StrutsPrepareAndExecuteFilter.doFilter(StrutsPrepareAndExecuteFilter.java:141) ~[struts2-core-2.5.33.jar:2.5.33]
	at org.eclipse.jetty.servlet.FilterHolder.doFilter(FilterHolder.java:201) ~[?:?]
	at org.eclipse.jetty.servlet.ServletHandler$Chain.doFilter(ServletHandler.java:1626) ~[?:?]
	at org.eclipse.jetty.servlet.ServletHandler.doHandle(ServletHandler.java:552) ~[?:?]
	at org.eclipse.jetty.server.handler.ScopedHandler.handle(ScopedHandler.java:143) ~[?:?]
	at org.eclipse.jetty.security.SecurityHandler.handle(SecurityHandler.java:600) ~[?:?]
	at org.eclipse.jetty.server.handler.HandlerWrapper.handle(HandlerWrapper.java:127) ~[?:?]
	at org.eclipse.jetty.server.handler.ScopedHandler.nextHandle(ScopedHandler.java:235) ~[?:?]
	at org.eclipse.jetty.server.session.SessionHandler.doHandle(SessionHandler.java:1624) ~[?:?]
	at org.eclipse.jetty.server.handler.ScopedHandler.nextHandle(ScopedHandler.java:233) ~[?:?]
	at org.eclipse.jetty.server.handler.ContextHandler.doHandle(ContextHandler.java:1440) ~[?:?]
	at org.eclipse.jetty.server.handler.ScopedHandler.nextScope(ScopedHandler.java:188) ~[?:?]
	at org.eclipse.jetty.servlet.ServletHandler.doScope(ServletHandler.java:505) ~[?:?]
	at org.eclipse.jetty.server.session.SessionHandler.doScope(SessionHandler.java:1594) ~[?:?]
	at org.eclipse.jetty.server.handler.ScopedHandler.nextScope(ScopedHandler.java:186) ~[?:?]
	at org.eclipse.jetty.server.handler.ContextHandler.doScope(ContextHandler.java:1355) ~[?:?]
	at org.eclipse.jetty.server.handler.ScopedHandler.handle(ScopedHandler.java:141) ~[?:?]
	at org.eclipse.jetty.server.handler.ContextHandlerCollection.handle(ContextHandlerCollection.java:191) ~[?:?]
	at org.eclipse.jetty.server.handler.HandlerCollection.handle(HandlerCollection.java:146) ~[?:?]
	at org.eclipse.jetty.server.handler.HandlerWrapper.handle(HandlerWrapper.java:127) ~[?:?]
	at org.eclipse.jetty.server.Server.handle(Server.java:516) ~[?:?]
	at org.eclipse.jetty.server.HttpChannel.lambda$handle$1(HttpChannel.java:487) ~[?:?]
	at org.eclipse.jetty.server.HttpChannel.dispatch(HttpChannel.java:732) ~[?:?]
	at org.eclipse.jetty.server.HttpChannel.handle(HttpChannel.java:479) ~[?:?]
	at org.eclipse.jetty.server.HttpConnection.onFillable(HttpConnection.java:277) ~[?:?]
	at org.eclipse.jetty.io.AbstractConnection$ReadCallback.succeeded(AbstractConnection.java:311) ~[?:?]
	at org.eclipse.jetty.io.FillInterest.fillable(FillInterest.java:105) ~[?:?]
	at org.eclipse.jetty.io.ChannelEndPoint$1.run(ChannelEndPoint.java:104) ~[?:?]
	at org.eclipse.jetty.util.thread.strategy.EatWhatYouKill.runTask(EatWhatYouKill.java:338) ~[?:?]
	at org.eclipse.jetty.util.thread.strategy.EatWhatYouKill.doProduce(EatWhatYouKill.java:315) ~[?:?]
	at org.eclipse.jetty.util.thread.strategy.EatWhatYouKill.tryProduce(EatWhatYouKill.java:173) ~[?:?]
	at org.eclipse.jetty.util.thread.strategy.EatWhatYouKill.run(EatWhatYouKill.java:131) ~[?:?]
	at org.eclipse.jetty.util.thread.ReservedThreadExecutor$ReservedThread.run(ReservedThreadExecutor.java:409) ~[?:?]
	at org.eclipse.jetty.util.thread.QueuedThreadPool.runJob(QueuedThreadPool.java:883) ~[?:?]
	at org.eclipse.jetty.util.thread.QueuedThreadPool$Runner.run(QueuedThreadPool.java:1034) ~[?:?]
	at java.lang.Thread.run(Thread.java:1583) [?:?]
2025-04-24 01:01:55.063 [qtp50980980-65] WARN  org.apache.struts2.dispatcher.DefaultDispatcherErrorHandler - Unable to send error response, code: 500; isCommited: true;
java.lang.IllegalStateException: COMMITTED
	at org.eclipse.jetty.server.HttpChannelState.sendError(HttpChannelState.java:915) ~[?:?]
	at org.eclipse.jetty.server.Response.sendError(Response.java:473) ~[?:?]
	at org.apache.struts2.dispatcher.DefaultDispatcherErrorHandler.sendErrorResponse(DefaultDispatcherErrorHandler.java:97) ~[struts2-core-2.5.33.jar:2.5.33]
	at org.apache.struts2.dispatcher.DefaultDispatcherErrorHandler.handleError(DefaultDispatcherErrorHandler.java:78) ~[struts2-core-2.5.33.jar:2.5.33]
	at org.apache.struts2.dispatcher.Dispatcher.sendError(Dispatcher.java:923) ~[struts2-core-2.5.33.jar:2.5.33]
	at org.apache.struts2.dispatcher.Dispatcher.serviceAction(Dispatcher.java:589) ~[struts2-core-2.5.33.jar:2.5.33]
	at org.apache.struts2.dispatcher.ExecuteOperations.executeAction(ExecuteOperations.java:79) ~[struts2-core-2.5.33.jar:2.5.33]
	at org.apache.struts2.dispatcher.filter.StrutsPrepareAndExecuteFilter.doFilter(StrutsPrepareAndExecuteFilter.java:141) ~[struts2-core-2.5.33.jar:2.5.33]
	at org.eclipse.jetty.servlet.FilterHolder.doFilter(FilterHolder.java:201) ~[?:?]
	at org.eclipse.jetty.servlet.ServletHandler$Chain.doFilter(ServletHandler.java:1626) ~[?:?]
	at org.eclipse.jetty.servlet.ServletHandler.doHandle(ServletHandler.java:552) ~[?:?]
	at org.eclipse.jetty.server.handler.ScopedHandler.handle(ScopedHandler.java:143) ~[?:?]
	at org.eclipse.jetty.security.SecurityHandler.handle(SecurityHandler.java:600) ~[?:?]
	at org.eclipse.jetty.server.handler.HandlerWrapper.handle(HandlerWrapper.java:127) ~[?:?]
	at org.eclipse.jetty.server.handler.ScopedHandler.nextHandle(ScopedHandler.java:235) ~[?:?]
	at org.eclipse.jetty.server.session.SessionHandler.doHandle(SessionHandler.java:1624) ~[?:?]
	at org.eclipse.jetty.server.handler.ScopedHandler.nextHandle(ScopedHandler.java:233) ~[?:?]
	at org.eclipse.jetty.server.handler.ContextHandler.doHandle(ContextHandler.java:1440) ~[?:?]
	at org.eclipse.jetty.server.handler.ScopedHandler.nextScope(ScopedHandler.java:188) ~[?:?]
	at org.eclipse.jetty.servlet.ServletHandler.doScope(ServletHandler.java:505) ~[?:?]
	at org.eclipse.jetty.server.session.SessionHandler.doScope(SessionHandler.java:1594) ~[?:?]
	at org.eclipse.jetty.server.handler.ScopedHandler.nextScope(ScopedHandler.java:186) ~[?:?]
	at org.eclipse.jetty.server.handler.ContextHandler.doScope(ContextHandler.java:1355) ~[?:?]
	at org.eclipse.jetty.server.handler.ScopedHandler.handle(ScopedHandler.java:141) ~[?:?]
	at org.eclipse.jetty.server.handler.ContextHandlerCollection.handle(ContextHandlerCollection.java:191) ~[?:?]
	at org.eclipse.jetty.server.handler.HandlerCollection.handle(HandlerCollection.java:146) ~[?:?]
	at org.eclipse.jetty.server.handler.HandlerWrapper.handle(HandlerWrapper.java:127) ~[?:?]
	at org.eclipse.jetty.server.Server.handle(Server.java:516) ~[?:?]
	at org.eclipse.jetty.server.HttpChannel.lambda$handle$1(HttpChannel.java:487) ~[?:?]
	at org.eclipse.jetty.server.HttpChannel.dispatch(HttpChannel.java:732) ~[?:?]
	at org.eclipse.jetty.server.HttpChannel.handle(HttpChannel.java:479) ~[?:?]
	at org.eclipse.jetty.server.HttpConnection.onFillable(HttpConnection.java:277) ~[?:?]
	at org.eclipse.jetty.io.AbstractConnection$ReadCallback.succeeded(AbstractConnection.java:311) ~[?:?]
	at org.eclipse.jetty.io.FillInterest.fillable(FillInterest.java:105) ~[?:?]
	at org.eclipse.jetty.io.ChannelEndPoint$1.run(ChannelEndPoint.java:104) ~[?:?]
	at org.eclipse.jetty.util.thread.strategy.EatWhatYouKill.runTask(EatWhatYouKill.java:338) ~[?:?]
	at org.eclipse.jetty.util.thread.strategy.EatWhatYouKill.doProduce(EatWhatYouKill.java:315) ~[?:?]
	at org.eclipse.jetty.util.thread.strategy.EatWhatYouKill.tryProduce(EatWhatYouKill.java:173) ~[?:?]
	at org.eclipse.jetty.util.thread.strategy.EatWhatYouKill.run(EatWhatYouKill.java:131) ~[?:?]
	at org.eclipse.jetty.util.thread.ReservedThreadExecutor$ReservedThread.run(ReservedThreadExecutor.java:409) ~[?:?]
	at org.eclipse.jetty.util.thread.QueuedThreadPool.runJob(QueuedThreadPool.java:883) ~[?:?]
	at org.eclipse.jetty.util.thread.QueuedThreadPool$Runner.run(QueuedThreadPool.java:1034) ~[?:?]
	at java.lang.Thread.run(Thread.java:1583) [?:?]
2025-04-24 01:03:04.691 [qtp50980980-64] ERROR org.apache.struts2.dispatcher.DefaultDispatcherErrorHandler - Exception occurred during processing request: STREAM
java.lang.IllegalStateException: STREAM
	at org.eclipse.jetty.server.Response.getWriter(Response.java:802) ~[?:?]
	at org.apache.struts2.json.JSONUtil.writeJSONToResponse(JSONUtil.java:386) ~[struts2-json-plugin-2.5.20.jar:2.5.20]
	at org.apache.struts2.json.JSONResult.writeToResponse(JSONResult.java:237) ~[struts2-json-plugin-2.5.20.jar:2.5.20]
	at org.apache.struts2.json.JSONResult.execute(JSONResult.java:200) ~[struts2-json-plugin-2.5.20.jar:2.5.20]
	at com.opensymphony.xwork2.DefaultActionInvocation.executeResult(DefaultActionInvocation.java:375) ~[struts2-core-2.5.33.jar:2.5.33]
	at com.opensymphony.xwork2.DefaultActionInvocation.invoke(DefaultActionInvocation.java:279) ~[struts2-core-2.5.33.jar:2.5.33]
	at org.apache.struts2.interceptor.debugging.DebuggingInterceptor.intercept(DebuggingInterceptor.java:250) ~[struts2-core-2.5.33.jar:2.5.33]
	at com.opensymphony.xwork2.DefaultActionInvocation.invoke(DefaultActionInvocation.java:249) ~[struts2-core-2.5.33.jar:2.5.33]
	at com.opensymphony.xwork2.interceptor.DefaultWorkflowInterceptor.doIntercept(DefaultWorkflowInterceptor.java:179) ~[struts2-core-2.5.33.jar:2.5.33]
	at com.opensymphony.xwork2.interceptor.MethodFilterInterceptor.intercept(MethodFilterInterceptor.java:99) ~[struts2-core-2.5.33.jar:2.5.33]
	at com.opensymphony.xwork2.DefaultActionInvocation.invoke(DefaultActionInvocation.java:249) ~[struts2-core-2.5.33.jar:2.5.33]
	at com.opensymphony.xwork2.validator.ValidationInterceptor.doIntercept(ValidationInterceptor.java:263) ~[struts2-core-2.5.33.jar:2.5.33]
	at org.apache.struts2.interceptor.validation.AnnotationValidationInterceptor.doIntercept(AnnotationValidationInterceptor.java:49) ~[struts2-core-2.5.33.jar:2.5.33]
	at com.opensymphony.xwork2.interceptor.MethodFilterInterceptor.intercept(MethodFilterInterceptor.java:99) ~[struts2-core-2.5.33.jar:2.5.33]
	at com.opensymphony.xwork2.DefaultActionInvocation.invoke(DefaultActionInvocation.java:249) ~[struts2-core-2.5.33.jar:2.5.33]
	at com.opensymphony.xwork2.interceptor.ConversionErrorInterceptor.doIntercept(ConversionErrorInterceptor.java:142) ~[struts2-core-2.5.33.jar:2.5.33]
	at com.opensymphony.xwork2.interceptor.MethodFilterInterceptor.intercept(MethodFilterInterceptor.java:99) ~[struts2-core-2.5.33.jar:2.5.33]
	at com.opensymphony.xwork2.DefaultActionInvocation.invoke(DefaultActionInvocation.java:249) ~[struts2-core-2.5.33.jar:2.5.33]
	at com.opensymphony.xwork2.interceptor.ParametersInterceptor.doIntercept(ParametersInterceptor.java:140) ~[struts2-core-2.5.33.jar:2.5.33]
	at com.opensymphony.xwork2.interceptor.MethodFilterInterceptor.intercept(MethodFilterInterceptor.java:99) ~[struts2-core-2.5.33.jar:2.5.33]
	at com.opensymphony.xwork2.DefaultActionInvocation.invoke(DefaultActionInvocation.java:249) ~[struts2-core-2.5.33.jar:2.5.33]
	at com.opensymphony.xwork2.interceptor.ParametersInterceptor.doIntercept(ParametersInterceptor.java:140) ~[struts2-core-2.5.33.jar:2.5.33]
	at com.opensymphony.xwork2.interceptor.MethodFilterInterceptor.intercept(MethodFilterInterceptor.java:99) ~[struts2-core-2.5.33.jar:2.5.33]
	at com.opensymphony.xwork2.DefaultActionInvocation.invoke(DefaultActionInvocation.java:249) ~[struts2-core-2.5.33.jar:2.5.33]
	at com.opensymphony.xwork2.interceptor.StaticParametersInterceptor.intercept(StaticParametersInterceptor.java:201) ~[struts2-core-2.5.33.jar:2.5.33]
	at com.opensymphony.xwork2.DefaultActionInvocation.invoke(DefaultActionInvocation.java:249) ~[struts2-core-2.5.33.jar:2.5.33]
	at org.apache.struts2.interceptor.MultiselectInterceptor.intercept(MultiselectInterceptor.java:67) ~[struts2-core-2.5.33.jar:2.5.33]
	at com.opensymphony.xwork2.DefaultActionInvocation.invoke(DefaultActionInvocation.java:249) ~[struts2-core-2.5.33.jar:2.5.33]
	at org.apache.struts2.interceptor.DateTextFieldInterceptor.intercept(DateTextFieldInterceptor.java:133) ~[struts2-core-2.5.33.jar:2.5.33]
	at com.opensymphony.xwork2.DefaultActionInvocation.invoke(DefaultActionInvocation.java:249) ~[struts2-core-2.5.33.jar:2.5.33]
	at org.apache.struts2.interceptor.CheckboxInterceptor.intercept(CheckboxInterceptor.java:89) ~[struts2-core-2.5.33.jar:2.5.33]
	at com.opensymphony.xwork2.DefaultActionInvocation.invoke(DefaultActionInvocation.java:249) ~[struts2-core-2.5.33.jar:2.5.33]
	at org.apache.struts2.interceptor.FileUploadInterceptor.intercept(FileUploadInterceptor.java:243) ~[struts2-core-2.5.33.jar:2.5.33]
	at com.opensymphony.xwork2.DefaultActionInvocation.invoke(DefaultActionInvocation.java:249) ~[struts2-core-2.5.33.jar:2.5.33]
	at com.opensymphony.xwork2.interceptor.ModelDrivenInterceptor.intercept(ModelDrivenInterceptor.java:101) ~[struts2-core-2.5.33.jar:2.5.33]
	at com.opensymphony.xwork2.DefaultActionInvocation.invoke(DefaultActionInvocation.java:249) ~[struts2-core-2.5.33.jar:2.5.33]
	at com.opensymphony.xwork2.interceptor.ScopedModelDrivenInterceptor.intercept(ScopedModelDrivenInterceptor.java:142) ~[struts2-core-2.5.33.jar:2.5.33]
	at com.opensymphony.xwork2.DefaultActionInvocation.invoke(DefaultActionInvocation.java:249) ~[struts2-core-2.5.33.jar:2.5.33]
	at com.opensymphony.xwork2.interceptor.ChainingInterceptor.intercept(ChainingInterceptor.java:160) ~[struts2-core-2.5.33.jar:2.5.33]
	at com.opensymphony.xwork2.DefaultActionInvocation.invoke(DefaultActionInvocation.java:249) ~[struts2-core-2.5.33.jar:2.5.33]
	at com.opensymphony.xwork2.interceptor.PrepareInterceptor.doIntercept(PrepareInterceptor.java:175) ~[struts2-core-2.5.33.jar:2.5.33]
	at com.opensymphony.xwork2.interceptor.MethodFilterInterceptor.intercept(MethodFilterInterceptor.java:99) ~[struts2-core-2.5.33.jar:2.5.33]
	at com.opensymphony.xwork2.DefaultActionInvocation.invoke(DefaultActionInvocation.java:249) ~[struts2-core-2.5.33.jar:2.5.33]
	at org.apache.struts2.interceptor.I18nInterceptor.intercept(I18nInterceptor.java:121) ~[struts2-core-2.5.33.jar:2.5.33]
	at com.opensymphony.xwork2.DefaultActionInvocation.invoke(DefaultActionInvocation.java:249) ~[struts2-core-2.5.33.jar:2.5.33]
	at org.apache.struts2.interceptor.ServletConfigInterceptor.intercept(ServletConfigInterceptor.java:167) ~[struts2-core-2.5.33.jar:2.5.33]
	at com.opensymphony.xwork2.DefaultActionInvocation.invoke(DefaultActionInvocation.java:249) ~[struts2-core-2.5.33.jar:2.5.33]
	at com.opensymphony.xwork2.interceptor.AliasInterceptor.intercept(AliasInterceptor.java:228) ~[struts2-core-2.5.33.jar:2.5.33]
	at com.opensymphony.xwork2.DefaultActionInvocation.invoke(DefaultActionInvocation.java:249) ~[struts2-core-2.5.33.jar:2.5.33]
	at com.opensymphony.xwork2.interceptor.ExceptionMappingInterceptor.intercept(ExceptionMappingInterceptor.java:196) ~[struts2-core-2.5.33.jar:2.5.33]
	at com.opensymphony.xwork2.DefaultActionInvocation.invoke(DefaultActionInvocation.java:249) ~[struts2-core-2.5.33.jar:2.5.33]
	at org.example.interceptor.AuthenticationInterceptor.intercept(AuthenticationInterceptor.java:49) ~[classes/:?]
	at com.opensymphony.xwork2.DefaultActionInvocation.invoke(DefaultActionInvocation.java:249) ~[struts2-core-2.5.33.jar:2.5.33]
	at org.apache.struts2.factory.StrutsActionProxy.execute(StrutsActionProxy.java:48) ~[struts2-core-2.5.33.jar:2.5.33]
	at org.apache.struts2.dispatcher.Dispatcher.serviceAction(Dispatcher.java:574) ~[struts2-core-2.5.33.jar:2.5.33]
	at org.apache.struts2.dispatcher.ExecuteOperations.executeAction(ExecuteOperations.java:79) ~[struts2-core-2.5.33.jar:2.5.33]
	at org.apache.struts2.dispatcher.filter.StrutsPrepareAndExecuteFilter.doFilter(StrutsPrepareAndExecuteFilter.java:141) ~[struts2-core-2.5.33.jar:2.5.33]
	at org.eclipse.jetty.servlet.FilterHolder.doFilter(FilterHolder.java:201) ~[?:?]
	at org.eclipse.jetty.servlet.ServletHandler$Chain.doFilter(ServletHandler.java:1626) ~[?:?]
	at org.eclipse.jetty.servlet.ServletHandler.doHandle(ServletHandler.java:552) ~[?:?]
	at org.eclipse.jetty.server.handler.ScopedHandler.handle(ScopedHandler.java:143) ~[?:?]
	at org.eclipse.jetty.security.SecurityHandler.handle(SecurityHandler.java:600) ~[?:?]
	at org.eclipse.jetty.server.handler.HandlerWrapper.handle(HandlerWrapper.java:127) ~[?:?]
	at org.eclipse.jetty.server.handler.ScopedHandler.nextHandle(ScopedHandler.java:235) ~[?:?]
	at org.eclipse.jetty.server.session.SessionHandler.doHandle(SessionHandler.java:1624) ~[?:?]
	at org.eclipse.jetty.server.handler.ScopedHandler.nextHandle(ScopedHandler.java:233) ~[?:?]
	at org.eclipse.jetty.server.handler.ContextHandler.doHandle(ContextHandler.java:1440) ~[?:?]
	at org.eclipse.jetty.server.handler.ScopedHandler.nextScope(ScopedHandler.java:188) ~[?:?]
	at org.eclipse.jetty.servlet.ServletHandler.doScope(ServletHandler.java:505) ~[?:?]
	at org.eclipse.jetty.server.session.SessionHandler.doScope(SessionHandler.java:1594) ~[?:?]
	at org.eclipse.jetty.server.handler.ScopedHandler.nextScope(ScopedHandler.java:186) ~[?:?]
	at org.eclipse.jetty.server.handler.ContextHandler.doScope(ContextHandler.java:1355) ~[?:?]
	at org.eclipse.jetty.server.handler.ScopedHandler.handle(ScopedHandler.java:141) ~[?:?]
	at org.eclipse.jetty.server.handler.ContextHandlerCollection.handle(ContextHandlerCollection.java:191) ~[?:?]
	at org.eclipse.jetty.server.handler.HandlerCollection.handle(HandlerCollection.java:146) ~[?:?]
	at org.eclipse.jetty.server.handler.HandlerWrapper.handle(HandlerWrapper.java:127) ~[?:?]
	at org.eclipse.jetty.server.Server.handle(Server.java:516) ~[?:?]
	at org.eclipse.jetty.server.HttpChannel.lambda$handle$1(HttpChannel.java:487) ~[?:?]
	at org.eclipse.jetty.server.HttpChannel.dispatch(HttpChannel.java:732) ~[?:?]
	at org.eclipse.jetty.server.HttpChannel.handle(HttpChannel.java:479) ~[?:?]
	at org.eclipse.jetty.server.HttpConnection.onFillable(HttpConnection.java:277) ~[?:?]
	at org.eclipse.jetty.io.AbstractConnection$ReadCallback.succeeded(AbstractConnection.java:311) ~[?:?]
	at org.eclipse.jetty.io.FillInterest.fillable(FillInterest.java:105) ~[?:?]
	at org.eclipse.jetty.io.ChannelEndPoint$1.run(ChannelEndPoint.java:104) ~[?:?]
	at org.eclipse.jetty.util.thread.strategy.EatWhatYouKill.runTask(EatWhatYouKill.java:338) ~[?:?]
	at org.eclipse.jetty.util.thread.strategy.EatWhatYouKill.doProduce(EatWhatYouKill.java:315) ~[?:?]
	at org.eclipse.jetty.util.thread.strategy.EatWhatYouKill.tryProduce(EatWhatYouKill.java:173) ~[?:?]
	at org.eclipse.jetty.util.thread.strategy.EatWhatYouKill.run(EatWhatYouKill.java:131) ~[?:?]
	at org.eclipse.jetty.util.thread.ReservedThreadExecutor$ReservedThread.run(ReservedThreadExecutor.java:409) ~[?:?]
	at org.eclipse.jetty.util.thread.QueuedThreadPool.runJob(QueuedThreadPool.java:883) ~[?:?]
	at org.eclipse.jetty.util.thread.QueuedThreadPool$Runner.run(QueuedThreadPool.java:1034) ~[?:?]
	at java.lang.Thread.run(Thread.java:1583) [?:?]
2025-04-24 01:03:04.911 [qtp50980980-64] WARN  org.apache.struts2.dispatcher.DefaultDispatcherErrorHandler - Unable to send error response, code: 500; isCommited: true;
java.lang.IllegalStateException: COMMITTED
	at org.eclipse.jetty.server.HttpChannelState.sendError(HttpChannelState.java:915) ~[?:?]
	at org.eclipse.jetty.server.Response.sendError(Response.java:473) ~[?:?]
	at org.apache.struts2.dispatcher.DefaultDispatcherErrorHandler.sendErrorResponse(DefaultDispatcherErrorHandler.java:97) ~[struts2-core-2.5.33.jar:2.5.33]
	at org.apache.struts2.dispatcher.DefaultDispatcherErrorHandler.handleError(DefaultDispatcherErrorHandler.java:78) ~[struts2-core-2.5.33.jar:2.5.33]
	at org.apache.struts2.dispatcher.Dispatcher.sendError(Dispatcher.java:923) ~[struts2-core-2.5.33.jar:2.5.33]
	at org.apache.struts2.dispatcher.Dispatcher.serviceAction(Dispatcher.java:589) ~[struts2-core-2.5.33.jar:2.5.33]
	at org.apache.struts2.dispatcher.ExecuteOperations.executeAction(ExecuteOperations.java:79) ~[struts2-core-2.5.33.jar:2.5.33]
	at org.apache.struts2.dispatcher.filter.StrutsPrepareAndExecuteFilter.doFilter(StrutsPrepareAndExecuteFilter.java:141) ~[struts2-core-2.5.33.jar:2.5.33]
	at org.eclipse.jetty.servlet.FilterHolder.doFilter(FilterHolder.java:201) ~[?:?]
	at org.eclipse.jetty.servlet.ServletHandler$Chain.doFilter(ServletHandler.java:1626) ~[?:?]
	at org.eclipse.jetty.servlet.ServletHandler.doHandle(ServletHandler.java:552) ~[?:?]
	at org.eclipse.jetty.server.handler.ScopedHandler.handle(ScopedHandler.java:143) ~[?:?]
	at org.eclipse.jetty.security.SecurityHandler.handle(SecurityHandler.java:600) ~[?:?]
	at org.eclipse.jetty.server.handler.HandlerWrapper.handle(HandlerWrapper.java:127) ~[?:?]
	at org.eclipse.jetty.server.handler.ScopedHandler.nextHandle(ScopedHandler.java:235) ~[?:?]
	at org.eclipse.jetty.server.session.SessionHandler.doHandle(SessionHandler.java:1624) ~[?:?]
	at org.eclipse.jetty.server.handler.ScopedHandler.nextHandle(ScopedHandler.java:233) ~[?:?]
	at org.eclipse.jetty.server.handler.ContextHandler.doHandle(ContextHandler.java:1440) ~[?:?]
	at org.eclipse.jetty.server.handler.ScopedHandler.nextScope(ScopedHandler.java:188) ~[?:?]
	at org.eclipse.jetty.servlet.ServletHandler.doScope(ServletHandler.java:505) ~[?:?]
	at org.eclipse.jetty.server.session.SessionHandler.doScope(SessionHandler.java:1594) ~[?:?]
	at org.eclipse.jetty.server.handler.ScopedHandler.nextScope(ScopedHandler.java:186) ~[?:?]
	at org.eclipse.jetty.server.handler.ContextHandler.doScope(ContextHandler.java:1355) ~[?:?]
	at org.eclipse.jetty.server.handler.ScopedHandler.handle(ScopedHandler.java:141) ~[?:?]
	at org.eclipse.jetty.server.handler.ContextHandlerCollection.handle(ContextHandlerCollection.java:191) ~[?:?]
	at org.eclipse.jetty.server.handler.HandlerCollection.handle(HandlerCollection.java:146) ~[?:?]
	at org.eclipse.jetty.server.handler.HandlerWrapper.handle(HandlerWrapper.java:127) ~[?:?]
	at org.eclipse.jetty.server.Server.handle(Server.java:516) ~[?:?]
	at org.eclipse.jetty.server.HttpChannel.lambda$handle$1(HttpChannel.java:487) ~[?:?]
	at org.eclipse.jetty.server.HttpChannel.dispatch(HttpChannel.java:732) ~[?:?]
	at org.eclipse.jetty.server.HttpChannel.handle(HttpChannel.java:479) ~[?:?]
	at org.eclipse.jetty.server.HttpConnection.onFillable(HttpConnection.java:277) ~[?:?]
	at org.eclipse.jetty.io.AbstractConnection$ReadCallback.succeeded(AbstractConnection.java:311) ~[?:?]
	at org.eclipse.jetty.io.FillInterest.fillable(FillInterest.java:105) ~[?:?]
	at org.eclipse.jetty.io.ChannelEndPoint$1.run(ChannelEndPoint.java:104) ~[?:?]
	at org.eclipse.jetty.util.thread.strategy.EatWhatYouKill.runTask(EatWhatYouKill.java:338) ~[?:?]
	at org.eclipse.jetty.util.thread.strategy.EatWhatYouKill.doProduce(EatWhatYouKill.java:315) ~[?:?]
	at org.eclipse.jetty.util.thread.strategy.EatWhatYouKill.tryProduce(EatWhatYouKill.java:173) ~[?:?]
	at org.eclipse.jetty.util.thread.strategy.EatWhatYouKill.run(EatWhatYouKill.java:131) ~[?:?]
	at org.eclipse.jetty.util.thread.ReservedThreadExecutor$ReservedThread.run(ReservedThreadExecutor.java:409) ~[?:?]
	at org.eclipse.jetty.util.thread.QueuedThreadPool.runJob(QueuedThreadPool.java:883) ~[?:?]
	at org.eclipse.jetty.util.thread.QueuedThreadPool$Runner.run(QueuedThreadPool.java:1034) ~[?:?]
	at java.lang.Thread.run(Thread.java:1583) [?:?]
